{"C:\\Users\\jason\\Greatspark Dropbox\\Jason Alexander\\Coding\\projects\\dankwind\\src\\driver\\base-object.ts": {"path":"C:\\Users\\jason\\Greatspark Dropbox\\Jason Alexander\\Coding\\projects\\dankwind\\src\\driver\\base-object.ts","statementMap":{"0":{"start":{"line":17,"column":32},"end":{"line":17,"column":null}},"1":{"start":{"line":18,"column":30},"end":{"line":18,"column":null}},"2":{"start":{"line":19,"column":30},"end":{"line":19,"column":null}},"3":{"start":{"line":20,"column":46},"end":{"line":20,"column":null}},"4":{"start":{"line":40,"column":43},"end":{"line":40,"column":null}},"5":{"start":{"line":41,"column":36},"end":{"line":41,"column":null}},"6":{"start":{"line":57,"column":22},"end":{"line":57,"column":null}},"7":{"start":{"line":58,"column":21},"end":{"line":58,"column":null}},"8":{"start":{"line":62,"column":42},"end":{"line":62,"column":null}},"9":{"start":{"line":23,"column":4},"end":{"line":23,"column":null}},"10":{"start":{"line":27,"column":4},"end":{"line":27,"column":null}},"11":{"start":{"line":31,"column":4},"end":{"line":31,"column":null}},"12":{"start":{"line":35,"column":4},"end":{"line":35,"column":null}},"13":{"start":{"line":44,"column":4},"end":{"line":44,"column":null}},"14":{"start":{"line":48,"column":4},"end":{"line":48,"column":null}},"15":{"start":{"line":52,"column":4},"end":{"line":52,"column":null}},"16":{"start":{"line":71,"column":4},"end":{"line":71,"column":null}},"17":{"start":{"line":72,"column":4},"end":{"line":72,"column":null}},"18":{"start":{"line":73,"column":4},"end":{"line":73,"column":null}},"19":{"start":{"line":74,"column":4},"end":{"line":74,"column":null}},"20":{"start":{"line":82,"column":4},"end":{"line":82,"column":null}},"21":{"start":{"line":83,"column":4},"end":{"line":83,"column":null}},"22":{"start":{"line":84,"column":4},"end":{"line":84,"column":null}},"23":{"start":{"line":85,"column":4},"end":{"line":85,"column":null}},"24":{"start":{"line":110,"column":4},"end":{"line":116,"column":null}},"25":{"start":{"line":111,"column":22},"end":{"line":111,"column":null}},"26":{"start":{"line":112,"column":20},"end":{"line":112,"column":null}},"27":{"start":{"line":113,"column":6},"end":{"line":115,"column":null}},"28":{"start":{"line":114,"column":8},"end":{"line":114,"column":null}},"29":{"start":{"line":119,"column":4},"end":{"line":119,"column":null}},"30":{"start":{"line":122,"column":4},"end":{"line":125,"column":null}},"31":{"start":{"line":123,"column":23},"end":{"line":123,"column":null}},"32":{"start":{"line":124,"column":6},"end":{"line":124,"column":null}},"33":{"start":{"line":127,"column":4},"end":{"line":127,"column":null}},"34":{"start":{"line":134,"column":18},"end":{"line":134,"column":null}},"35":{"start":{"line":135,"column":22},"end":{"line":135,"column":null}},"36":{"start":{"line":138,"column":18},"end":{"line":138,"column":null}},"37":{"start":{"line":139,"column":4},"end":{"line":139,"column":null}},"38":{"start":{"line":145,"column":4},"end":{"line":149,"column":null}},"39":{"start":{"line":153,"column":4},"end":{"line":153,"column":null}},"40":{"start":{"line":157,"column":4},"end":{"line":157,"column":null}},"41":{"start":{"line":167,"column":4},"end":{"line":167,"column":null}},"42":{"start":{"line":175,"column":18},"end":{"line":175,"column":null}},"43":{"start":{"line":176,"column":4},"end":{"line":178,"column":null}},"44":{"start":{"line":177,"column":6},"end":{"line":177,"column":null}}},"fnMap":{"0":{"name":"(anonymous_0)","decl":{"start":{"line":22,"column":6},"end":{"line":22,"column":27}},"loc":{"start":{"line":22,"column":27},"end":{"line":24,"column":null}},"line":22},"1":{"name":"(anonymous_1)","decl":{"start":{"line":26,"column":6},"end":{"line":26,"column":25}},"loc":{"start":{"line":26,"column":25},"end":{"line":28,"column":null}},"line":26},"2":{"name":"(anonymous_2)","decl":{"start":{"line":30,"column":6},"end":{"line":30,"column":25}},"loc":{"start":{"line":30,"column":25},"end":{"line":32,"column":null}},"line":30},"3":{"name":"(anonymous_3)","decl":{"start":{"line":34,"column":6},"end":{"line":34,"column":41}},"loc":{"start":{"line":34,"column":41},"end":{"line":36,"column":null}},"line":34},"4":{"name":"(anonymous_4)","decl":{"start":{"line":43,"column":6},"end":{"line":43,"column":38}},"loc":{"start":{"line":43,"column":38},"end":{"line":45,"column":null}},"line":43},"5":{"name":"(anonymous_5)","decl":{"start":{"line":47,"column":6},"end":{"line":47,"column":18}},"loc":{"start":{"line":47,"column":43},"end":{"line":49,"column":null}},"line":47},"6":{"name":"(anonymous_6)","decl":{"start":{"line":51,"column":6},"end":{"line":51,"column":44}},"loc":{"start":{"line":51,"column":44},"end":{"line":53,"column":null}},"line":51},"7":{"name":"(anonymous_7)","decl":{"start":{"line":70,"column":2},"end":{"line":70,"column":20}},"loc":{"start":{"line":70,"column":46},"end":{"line":75,"column":null}},"line":70},"8":{"name":"(anonymous_8)","decl":{"start":{"line":81,"column":2},"end":{"line":81,"column":16}},"loc":{"start":{"line":81,"column":82},"end":{"line":86,"column":null}},"line":81},"9":{"name":"(anonymous_9)","decl":{"start":{"line":90,"column":2},"end":{"line":90,"column":35}},"loc":{"start":{"line":90,"column":35},"end":{"line":92,"column":null}},"line":90},"10":{"name":"(anonymous_10)","decl":{"start":{"line":94,"column":2},"end":{"line":94,"column":36}},"loc":{"start":{"line":94,"column":36},"end":{"line":96,"column":null}},"line":94},"11":{"name":"(anonymous_11)","decl":{"start":{"line":98,"column":2},"end":{"line":98,"column":10}},"loc":{"start":{"line":98,"column":55},"end":{"line":100,"column":null}},"line":98},"12":{"name":"(anonymous_12)","decl":{"start":{"line":102,"column":2},"end":{"line":102,"column":34}},"loc":{"start":{"line":102,"column":34},"end":{"line":104,"column":null}},"line":102},"13":{"name":"(anonymous_13)","decl":{"start":{"line":108,"column":2},"end":{"line":108,"column":9}},"loc":{"start":{"line":108,"column":68},"end":{"line":128,"column":null}},"line":108},"14":{"name":"(anonymous_14)","decl":{"start":{"line":132,"column":2},"end":{"line":132,"column":5}},"loc":{"start":{"line":132,"column":28},"end":{"line":140,"column":null}},"line":132},"15":{"name":"(anonymous_15)","decl":{"start":{"line":144,"column":2},"end":{"line":144,"column":12}},"loc":{"start":{"line":144,"column":78},"end":{"line":150,"column":null}},"line":144},"16":{"name":"(anonymous_16)","decl":{"start":{"line":152,"column":2},"end":{"line":152,"column":15}},"loc":{"start":{"line":152,"column":35},"end":{"line":154,"column":null}},"line":152},"17":{"name":"(anonymous_17)","decl":{"start":{"line":156,"column":2},"end":{"line":156,"column":38}},"loc":{"start":{"line":156,"column":38},"end":{"line":158,"column":null}},"line":156},"18":{"name":"(anonymous_18)","decl":{"start":{"line":166,"column":2},"end":{"line":166,"column":18}},"loc":{"start":{"line":166,"column":43},"end":{"line":168,"column":null}},"line":166},"19":{"name":"(anonymous_19)","decl":{"start":{"line":174,"column":2},"end":{"line":174,"column":23}},"loc":{"start":{"line":174,"column":48},"end":{"line":179,"column":null}},"line":174}},"branchMap":{"0":{"loc":{"start":{"line":110,"column":4},"end":{"line":116,"column":null}},"type":"if","locations":[{"start":{"line":110,"column":4},"end":{"line":116,"column":null}},{"start":{},"end":{}}],"line":110},"1":{"loc":{"start":{"line":113,"column":6},"end":{"line":115,"column":null}},"type":"if","locations":[{"start":{"line":113,"column":6},"end":{"line":115,"column":null}},{"start":{},"end":{}}],"line":113},"2":{"loc":{"start":{"line":122,"column":4},"end":{"line":125,"column":null}},"type":"if","locations":[{"start":{"line":122,"column":4},"end":{"line":125,"column":null}},{"start":{},"end":{}}],"line":122},"3":{"loc":{"start":{"line":144,"column":50},"end":{"line":144,"column":78}},"type":"default-arg","locations":[{"start":{"line":144,"column":69},"end":{"line":144,"column":78}}],"line":144},"4":{"loc":{"start":{"line":176,"column":4},"end":{"line":178,"column":null}},"type":"if","locations":[{"start":{"line":176,"column":4},"end":{"line":178,"column":null}},{"start":{},"end":{}}],"line":176}},"s":{"0":99,"1":99,"2":99,"3":99,"4":99,"5":99,"6":99,"7":99,"8":99,"9":20,"10":77,"11":32,"12":37,"13":14,"14":0,"15":19,"16":56,"17":56,"18":56,"19":56,"20":15,"21":15,"22":15,"23":15,"24":17,"25":4,"26":4,"27":4,"28":4,"29":17,"30":17,"31":15,"32":15,"33":17,"34":11,"35":11,"36":11,"37":11,"38":9,"39":3,"40":8,"41":0,"42":0,"43":0,"44":0},"f":{"0":20,"1":77,"2":32,"3":37,"4":14,"5":0,"6":19,"7":56,"8":15,"9":4,"10":8,"11":15,"12":1,"13":17,"14":11,"15":9,"16":3,"17":8,"18":0,"19":0},"b":{"0":[4,13],"1":[4,0],"2":[15,2],"3":[9],"4":[0,0]},"meta":{"lastBranch":5,"lastFunction":20,"lastStatement":45,"seen":{"s:17:32:17:Infinity":0,"s:18:30:18:Infinity":1,"s:19:30:19:Infinity":2,"s:20:46:20:Infinity":3,"s:40:43:40:Infinity":4,"s:41:36:41:Infinity":5,"s:57:22:57:Infinity":6,"s:58:21:58:Infinity":7,"s:62:42:62:Infinity":8,"f:22:6:22:27":0,"s:23:4:23:Infinity":9,"f:26:6:26:25":1,"s:27:4:27:Infinity":10,"f:30:6:30:25":2,"s:31:4:31:Infinity":11,"f:34:6:34:41":3,"s:35:4:35:Infinity":12,"f:43:6:43:38":4,"s:44:4:44:Infinity":13,"f:47:6:47:18":5,"s:48:4:48:Infinity":14,"f:51:6:51:44":6,"s:52:4:52:Infinity":15,"f:70:2:70:20":7,"s:71:4:71:Infinity":16,"s:72:4:72:Infinity":17,"s:73:4:73:Infinity":18,"s:74:4:74:Infinity":19,"f:81:2:81:16":8,"s:82:4:82:Infinity":20,"s:83:4:83:Infinity":21,"s:84:4:84:Infinity":22,"s:85:4:85:Infinity":23,"f:90:2:90:35":9,"f:94:2:94:36":10,"f:98:2:98:10":11,"f:102:2:102:34":12,"f:108:2:108:9":13,"b:110:4:116:Infinity:undefined:undefined:undefined:undefined":0,"s:110:4:116:Infinity":24,"s:111:22:111:Infinity":25,"s:112:20:112:Infinity":26,"b:113:6:115:Infinity:undefined:undefined:undefined:undefined":1,"s:113:6:115:Infinity":27,"s:114:8:114:Infinity":28,"s:119:4:119:Infinity":29,"b:122:4:125:Infinity:undefined:undefined:undefined:undefined":2,"s:122:4:125:Infinity":30,"s:123:23:123:Infinity":31,"s:124:6:124:Infinity":32,"s:127:4:127:Infinity":33,"f:132:2:132:5":14,"s:134:18:134:Infinity":34,"s:135:22:135:Infinity":35,"s:138:18:138:Infinity":36,"s:139:4:139:Infinity":37,"f:144:2:144:12":15,"b:144:69:144:78":3,"s:145:4:149:Infinity":38,"f:152:2:152:15":16,"s:153:4:153:Infinity":39,"f:156:2:156:38":17,"s:157:4:157:Infinity":40,"f:166:2:166:18":18,"s:167:4:167:Infinity":41,"f:174:2:174:23":19,"s:175:18:175:Infinity":42,"b:176:4:178:Infinity:undefined:undefined:undefined:undefined":4,"s:176:4:178:Infinity":43,"s:177:6:177:Infinity":44}}}
,"C:\\Users\\jason\\Greatspark Dropbox\\Jason Alexander\\Coding\\projects\\dankwind\\src\\driver\\compiler.ts": {"path":"C:\\Users\\jason\\Greatspark Dropbox\\Jason Alexander\\Coding\\projects\\dankwind\\src\\driver\\compiler.ts","statementMap":{"0":{"start":{"line":50,"column":4},"end":{"line":54,"column":null}},"1":{"start":{"line":62,"column":25},"end":{"line":62,"column":null}},"2":{"start":{"line":64,"column":4},"end":{"line":69,"column":null}},"3":{"start":{"line":65,"column":6},"end":{"line":68,"column":null}},"4":{"start":{"line":71,"column":4},"end":{"line":79,"column":null}},"5":{"start":{"line":72,"column":21},"end":{"line":72,"column":null}},"6":{"start":{"line":73,"column":6},"end":{"line":73,"column":null}},"7":{"start":{"line":75,"column":6},"end":{"line":78,"column":null}},"8":{"start":{"line":88,"column":4},"end":{"line":125,"column":null}},"9":{"start":{"line":89,"column":21},"end":{"line":95,"column":null}},"10":{"start":{"line":97,"column":6},"end":{"line":101,"column":null}},"11":{"start":{"line":103,"column":6},"end":{"line":119,"column":null}},"12":{"start":{"line":104,"column":27},"end":{"line":104,"column":null}},"13":{"start":{"line":105,"column":8},"end":{"line":118,"column":null}},"14":{"start":{"line":121,"column":6},"end":{"line":124,"column":null}},"15":{"start":{"line":133,"column":25},"end":{"line":133,"column":null}},"16":{"start":{"line":135,"column":4},"end":{"line":140,"column":null}},"17":{"start":{"line":136,"column":6},"end":{"line":139,"column":null}},"18":{"start":{"line":142,"column":4},"end":{"line":191,"column":null}},"19":{"start":{"line":143,"column":21},"end":{"line":153,"column":null}},"20":{"start":{"line":155,"column":21},"end":{"line":155,"column":null}},"21":{"start":{"line":156,"column":6},"end":{"line":161,"column":null}},"22":{"start":{"line":157,"column":8},"end":{"line":160,"column":null}},"23":{"start":{"line":163,"column":6},"end":{"line":167,"column":null}},"24":{"start":{"line":169,"column":6},"end":{"line":185,"column":null}},"25":{"start":{"line":170,"column":27},"end":{"line":170,"column":null}},"26":{"start":{"line":171,"column":8},"end":{"line":184,"column":null}},"27":{"start":{"line":187,"column":6},"end":{"line":190,"column":null}},"28":{"start":{"line":198,"column":4},"end":{"line":201,"column":null}},"29":{"start":{"line":200,"column":6},"end":{"line":200,"column":null}},"30":{"start":{"line":202,"column":4},"end":{"line":205,"column":null}},"31":{"start":{"line":204,"column":6},"end":{"line":204,"column":null}},"32":{"start":{"line":207,"column":4},"end":{"line":207,"column":null}},"33":{"start":{"line":214,"column":4},"end":{"line":218,"column":null}},"34":{"start":{"line":226,"column":4},"end":{"line":226,"column":null}},"35":{"start":{"line":234,"column":2},"end":{"line":236,"column":null}},"36":{"start":{"line":235,"column":4},"end":{"line":235,"column":null}},"37":{"start":{"line":238,"column":16},"end":{"line":238,"column":null}},"38":{"start":{"line":240,"column":2},"end":{"line":246,"column":null}},"39":{"start":{"line":241,"column":4},"end":{"line":241,"column":null}},"40":{"start":{"line":242,"column":4},"end":{"line":245,"column":null}},"41":{"start":{"line":243,"column":6},"end":{"line":243,"column":null}},"42":{"start":{"line":244,"column":6},"end":{"line":244,"column":null}},"43":{"start":{"line":248,"column":2},"end":{"line":248,"column":null}}},"fnMap":{"0":{"name":"(anonymous_0)","decl":{"start":{"line":49,"column":2},"end":{"line":49,"column":14}},"loc":{"start":{"line":49,"column":52},"end":{"line":55,"column":null}},"line":49},"1":{"name":"(anonymous_1)","decl":{"start":{"line":61,"column":8},"end":{"line":61,"column":16}},"loc":{"start":{"line":61,"column":58},"end":{"line":80,"column":null}},"line":61},"2":{"name":"(anonymous_2)","decl":{"start":{"line":87,"column":8},"end":{"line":87,"column":22}},"loc":{"start":{"line":87,"column":94},"end":{"line":126,"column":null}},"line":87},"3":{"name":"(anonymous_3)","decl":{"start":{"line":132,"column":8},"end":{"line":132,"column":22}},"loc":{"start":{"line":132,"column":65},"end":{"line":192,"column":null}},"line":132},"4":{"name":"(anonymous_4)","decl":{"start":{"line":197,"column":10},"end":{"line":197,"column":22}},"loc":{"start":{"line":197,"column":48},"end":{"line":208,"column":null}},"line":197},"5":{"name":"(anonymous_5)","decl":{"start":{"line":213,"column":10},"end":{"line":213,"column":25}},"loc":{"start":{"line":213,"column":106},"end":{"line":220,"column":null}},"line":213},"6":{"name":"(anonymous_6)","decl":{"start":{"line":225,"column":6},"end":{"line":225,"column":27}},"loc":{"start":{"line":225,"column":27},"end":{"line":227,"column":null}},"line":225},"7":{"name":"formatCompileError","decl":{"start":{"line":233,"column":16},"end":{"line":233,"column":35}},"loc":{"start":{"line":233,"column":66},"end":{"line":249,"column":null}},"line":233}},"branchMap":{"0":{"loc":{"start":{"line":49,"column":14},"end":{"line":49,"column":52}},"type":"default-arg","locations":[{"start":{"line":49,"column":48},"end":{"line":49,"column":52}}],"line":49},"1":{"loc":{"start":{"line":51,"column":18},"end":{"line":51,"column":null}},"type":"binary-expr","locations":[{"start":{"line":51,"column":18},"end":{"line":51,"column":39}},{"start":{"line":51,"column":39},"end":{"line":51,"column":null}}],"line":51},"2":{"loc":{"start":{"line":52,"column":18},"end":{"line":52,"column":null}},"type":"binary-expr","locations":[{"start":{"line":52,"column":18},"end":{"line":52,"column":39}},{"start":{"line":52,"column":39},"end":{"line":52,"column":null}}],"line":52},"3":{"loc":{"start":{"line":53,"column":14},"end":{"line":53,"column":null}},"type":"binary-expr","locations":[{"start":{"line":53,"column":14},"end":{"line":53,"column":31}},{"start":{"line":53,"column":31},"end":{"line":53,"column":null}}],"line":53},"4":{"loc":{"start":{"line":64,"column":4},"end":{"line":69,"column":null}},"type":"if","locations":[{"start":{"line":64,"column":4},"end":{"line":69,"column":null}},{"start":{},"end":{}}],"line":64},"5":{"loc":{"start":{"line":77,"column":15},"end":{"line":77,"column":null}},"type":"cond-expr","locations":[{"start":{"line":77,"column":38},"end":{"line":77,"column":52}},{"start":{"line":77,"column":52},"end":{"line":77,"column":null}}],"line":77},"6":{"loc":{"start":{"line":87,"column":38},"end":{"line":87,"column":94}},"type":"default-arg","locations":[{"start":{"line":87,"column":57},"end":{"line":87,"column":94}}],"line":87},"7":{"loc":{"start":{"line":92,"column":19},"end":{"line":92,"column":null}},"type":"cond-expr","locations":[{"start":{"line":92,"column":44},"end":{"line":92,"column":55}},{"start":{"line":92,"column":55},"end":{"line":92,"column":null}}],"line":92},"8":{"loc":{"start":{"line":100,"column":18},"end":{"line":100,"column":null}},"type":"cond-expr","locations":[{"start":{"line":100,"column":47},"end":{"line":100,"column":65}},{"start":{"line":100,"column":65},"end":{"line":100,"column":null}}],"line":100},"9":{"loc":{"start":{"line":103,"column":6},"end":{"line":119,"column":null}},"type":"if","locations":[{"start":{"line":103,"column":6},"end":{"line":119,"column":null}},{"start":{},"end":{}}],"line":103},"10":{"loc":{"start":{"line":107,"column":17},"end":{"line":107,"column":null}},"type":"binary-expr","locations":[{"start":{"line":107,"column":17},"end":{"line":107,"column":37}},{"start":{"line":107,"column":37},"end":{"line":107,"column":null}}],"line":107},"11":{"loc":{"start":{"line":108,"column":20},"end":{"line":115,"column":null}},"type":"cond-expr","locations":[{"start":{"line":109,"column":14},"end":{"line":114,"column":null}},{"start":{"line":115,"column":14},"end":{"line":115,"column":null}}],"line":108},"12":{"loc":{"start":{"line":123,"column":15},"end":{"line":123,"column":null}},"type":"cond-expr","locations":[{"start":{"line":123,"column":38},"end":{"line":123,"column":52}},{"start":{"line":123,"column":52},"end":{"line":123,"column":null}}],"line":123},"13":{"loc":{"start":{"line":135,"column":4},"end":{"line":140,"column":null}},"type":"if","locations":[{"start":{"line":135,"column":4},"end":{"line":140,"column":null}},{"start":{},"end":{}}],"line":135},"14":{"loc":{"start":{"line":149,"column":19},"end":{"line":149,"column":null}},"type":"cond-expr","locations":[{"start":{"line":149,"column":44},"end":{"line":149,"column":55}},{"start":{"line":149,"column":55},"end":{"line":149,"column":null}}],"line":149},"15":{"loc":{"start":{"line":156,"column":6},"end":{"line":161,"column":null}},"type":"if","locations":[{"start":{"line":156,"column":6},"end":{"line":161,"column":null}},{"start":{},"end":{}}],"line":156},"16":{"loc":{"start":{"line":166,"column":18},"end":{"line":166,"column":null}},"type":"cond-expr","locations":[{"start":{"line":166,"column":47},"end":{"line":166,"column":65}},{"start":{"line":166,"column":65},"end":{"line":166,"column":null}}],"line":166},"17":{"loc":{"start":{"line":169,"column":6},"end":{"line":185,"column":null}},"type":"if","locations":[{"start":{"line":169,"column":6},"end":{"line":185,"column":null}},{"start":{},"end":{}}],"line":169},"18":{"loc":{"start":{"line":173,"column":17},"end":{"line":173,"column":null}},"type":"binary-expr","locations":[{"start":{"line":173,"column":17},"end":{"line":173,"column":37}},{"start":{"line":173,"column":37},"end":{"line":173,"column":null}}],"line":173},"19":{"loc":{"start":{"line":174,"column":20},"end":{"line":181,"column":null}},"type":"cond-expr","locations":[{"start":{"line":175,"column":14},"end":{"line":180,"column":null}},{"start":{"line":181,"column":14},"end":{"line":181,"column":null}}],"line":174},"20":{"loc":{"start":{"line":189,"column":15},"end":{"line":189,"column":null}},"type":"cond-expr","locations":[{"start":{"line":189,"column":38},"end":{"line":189,"column":52}},{"start":{"line":189,"column":52},"end":{"line":189,"column":null}}],"line":189},"21":{"loc":{"start":{"line":198,"column":4},"end":{"line":201,"column":null}},"type":"if","locations":[{"start":{"line":198,"column":4},"end":{"line":201,"column":null}},{"start":{},"end":{}}],"line":198},"22":{"loc":{"start":{"line":202,"column":4},"end":{"line":205,"column":null}},"type":"if","locations":[{"start":{"line":202,"column":4},"end":{"line":205,"column":null}},{"start":{},"end":{}}],"line":202},"23":{"loc":{"start":{"line":202,"column":8},"end":{"line":202,"column":65}},"type":"binary-expr","locations":[{"start":{"line":202,"column":8},"end":{"line":202,"column":37}},{"start":{"line":202,"column":37},"end":{"line":202,"column":65}}],"line":202},"24":{"loc":{"start":{"line":215,"column":6},"end":{"line":218,"column":null}},"type":"binary-expr","locations":[{"start":{"line":215,"column":6},"end":{"line":215,"column":null}},{"start":{"line":216,"column":6},"end":{"line":216,"column":null}},{"start":{"line":217,"column":6},"end":{"line":217,"column":null}},{"start":{"line":218,"column":6},"end":{"line":218,"column":null}}],"line":215},"25":{"loc":{"start":{"line":234,"column":2},"end":{"line":236,"column":null}},"type":"if","locations":[{"start":{"line":234,"column":2},"end":{"line":236,"column":null}},{"start":{},"end":{}}],"line":234},"26":{"loc":{"start":{"line":238,"column":16},"end":{"line":238,"column":null}},"type":"binary-expr","locations":[{"start":{"line":238,"column":16},"end":{"line":238,"column":32}},{"start":{"line":238,"column":32},"end":{"line":238,"column":null}}],"line":238},"27":{"loc":{"start":{"line":240,"column":2},"end":{"line":246,"column":null}},"type":"if","locations":[{"start":{"line":240,"column":2},"end":{"line":246,"column":null}},{"start":{},"end":{}}],"line":240},"28":{"loc":{"start":{"line":242,"column":4},"end":{"line":245,"column":null}},"type":"if","locations":[{"start":{"line":242,"column":4},"end":{"line":245,"column":null}},{"start":{},"end":{}}],"line":242}},"s":{"0":57,"1":13,"2":13,"3":3,"4":10,"5":10,"6":10,"7":0,"8":16,"9":16,"10":12,"11":4,"12":4,"13":4,"14":0,"15":2,"16":2,"17":0,"18":2,"19":2,"20":1,"21":2,"22":0,"23":1,"24":1,"25":1,"26":1,"27":0,"28":15,"29":12,"30":3,"31":0,"32":3,"33":5,"34":1,"35":3,"36":1,"37":2,"38":3,"39":1,"40":1,"41":1,"42":1,"43":2},"f":{"0":57,"1":13,"2":16,"3":2,"4":15,"5":5,"6":1,"7":3},"b":{"0":[57],"1":[57,0],"2":[57,57],"3":[57,57],"4":[3,10],"5":[0,0],"6":[16],"7":[16,0],"8":[0,12],"9":[4,0],"10":[4,0],"11":[4,0],"12":[0,0],"13":[0,2],"14":[2,0],"15":[0,2],"16":[0,1],"17":[1,0],"18":[1,0],"19":[1,0],"20":[0,0],"21":[12,3],"22":[0,3],"23":[3,3],"24":[5,5,5,5],"25":[1,2],"26":[2,0],"27":[1,2],"28":[1,0]},"meta":{"lastBranch":29,"lastFunction":8,"lastStatement":44,"seen":{"f:49:2:49:14":0,"b:49:48:49:52":0,"s:50:4:54:Infinity":0,"b:51:18:51:39:51:39:51:Infinity":1,"b:52:18:52:39:52:39:52:Infinity":2,"b:53:14:53:31:53:31:53:Infinity":3,"f:61:8:61:16":1,"s:62:25:62:Infinity":1,"b:64:4:69:Infinity:undefined:undefined:undefined:undefined":4,"s:64:4:69:Infinity":2,"s:65:6:68:Infinity":3,"s:71:4:79:Infinity":4,"s:72:21:72:Infinity":5,"s:73:6:73:Infinity":6,"s:75:6:78:Infinity":7,"b:77:38:77:52:77:52:77:Infinity":5,"f:87:8:87:22":2,"b:87:57:87:94":6,"s:88:4:125:Infinity":8,"s:89:21:95:Infinity":9,"b:92:44:92:55:92:55:92:Infinity":7,"s:97:6:101:Infinity":10,"b:100:47:100:65:100:65:100:Infinity":8,"b:103:6:119:Infinity:undefined:undefined:undefined:undefined":9,"s:103:6:119:Infinity":11,"s:104:27:104:Infinity":12,"s:105:8:118:Infinity":13,"b:107:17:107:37:107:37:107:Infinity":10,"b:109:14:114:Infinity:115:14:115:Infinity":11,"s:121:6:124:Infinity":14,"b:123:38:123:52:123:52:123:Infinity":12,"f:132:8:132:22":3,"s:133:25:133:Infinity":15,"b:135:4:140:Infinity:undefined:undefined:undefined:undefined":13,"s:135:4:140:Infinity":16,"s:136:6:139:Infinity":17,"s:142:4:191:Infinity":18,"s:143:21:153:Infinity":19,"b:149:44:149:55:149:55:149:Infinity":14,"s:155:21:155:Infinity":20,"b:156:6:161:Infinity:undefined:undefined:undefined:undefined":15,"s:156:6:161:Infinity":21,"s:157:8:160:Infinity":22,"s:163:6:167:Infinity":23,"b:166:47:166:65:166:65:166:Infinity":16,"b:169:6:185:Infinity:undefined:undefined:undefined:undefined":17,"s:169:6:185:Infinity":24,"s:170:27:170:Infinity":25,"s:171:8:184:Infinity":26,"b:173:17:173:37:173:37:173:Infinity":18,"b:175:14:180:Infinity:181:14:181:Infinity":19,"s:187:6:190:Infinity":27,"b:189:38:189:52:189:52:189:Infinity":20,"f:197:10:197:22":4,"b:198:4:201:Infinity:undefined:undefined:undefined:undefined":21,"s:198:4:201:Infinity":28,"s:200:6:200:Infinity":29,"b:202:4:205:Infinity:undefined:undefined:undefined:undefined":22,"s:202:4:205:Infinity":30,"b:202:8:202:37:202:37:202:65":23,"s:204:6:204:Infinity":31,"s:207:4:207:Infinity":32,"f:213:10:213:25":5,"s:214:4:218:Infinity":33,"b:215:6:215:Infinity:216:6:216:Infinity:217:6:217:Infinity:218:6:218:Infinity":24,"f:225:6:225:27":6,"s:226:4:226:Infinity":34,"f:233:16:233:35":7,"b:234:2:236:Infinity:undefined:undefined:undefined:undefined":25,"s:234:2:236:Infinity":35,"s:235:4:235:Infinity":36,"s:238:16:238:Infinity":37,"b:238:16:238:32:238:32:238:Infinity":26,"b:240:2:246:Infinity:undefined:undefined:undefined:undefined":27,"s:240:2:246:Infinity":38,"s:241:4:241:Infinity":39,"b:242:4:245:Infinity:undefined:undefined:undefined:undefined":28,"s:242:4:245:Infinity":40,"s:243:6:243:Infinity":41,"s:244:6:244:Infinity":42,"s:248:2:248:Infinity":43}}}
,"C:\\Users\\jason\\Greatspark Dropbox\\Jason Alexander\\Coding\\projects\\dankwind\\src\\driver\\config.ts": {"path":"C:\\Users\\jason\\Greatspark Dropbox\\Jason Alexander\\Coding\\projects\\dankwind\\src\\driver\\config.ts","statementMap":{"0":{"start":{"line":35,"column":19},"end":{"line":35,"column":null}},"1":{"start":{"line":39,"column":2},"end":{"line":39,"column":null}},"2":{"start":{"line":39,"column":14},"end":{"line":39,"column":null}},"3":{"start":{"line":40,"column":16},"end":{"line":40,"column":null}},"4":{"start":{"line":41,"column":2},"end":{"line":43,"column":null}},"5":{"start":{"line":42,"column":4},"end":{"line":42,"column":null}},"6":{"start":{"line":44,"column":2},"end":{"line":44,"column":null}},"7":{"start":{"line":48,"column":2},"end":{"line":48,"column":null}},"8":{"start":{"line":48,"column":14},"end":{"line":48,"column":null}},"9":{"start":{"line":49,"column":16},"end":{"line":49,"column":null}},"10":{"start":{"line":50,"column":2},"end":{"line":50,"column":null}},"11":{"start":{"line":54,"column":2},"end":{"line":54,"column":null}},"12":{"start":{"line":54,"column":14},"end":{"line":54,"column":null}},"13":{"start":{"line":55,"column":17},"end":{"line":55,"column":null}},"14":{"start":{"line":56,"column":2},"end":{"line":56,"column":null}},"15":{"start":{"line":64,"column":2},"end":{"line":91,"column":null}},"16":{"start":{"line":98,"column":27},"end":{"line":98,"column":null}},"17":{"start":{"line":100,"column":2},"end":{"line":102,"column":null}},"18":{"start":{"line":101,"column":4},"end":{"line":101,"column":null}},"19":{"start":{"line":104,"column":2},"end":{"line":106,"column":null}},"20":{"start":{"line":105,"column":4},"end":{"line":105,"column":null}},"21":{"start":{"line":108,"column":2},"end":{"line":110,"column":null}},"22":{"start":{"line":109,"column":4},"end":{"line":109,"column":null}},"23":{"start":{"line":112,"column":2},"end":{"line":114,"column":null}},"24":{"start":{"line":113,"column":4},"end":{"line":113,"column":null}},"25":{"start":{"line":116,"column":2},"end":{"line":116,"column":null}}},"fnMap":{"0":{"name":"parseLogLevel","decl":{"start":{"line":38,"column":9},"end":{"line":38,"column":23}},"loc":{"start":{"line":38,"column":84},"end":{"line":45,"column":null}},"line":38},"1":{"name":"parseBoolean","decl":{"start":{"line":47,"column":9},"end":{"line":47,"column":22}},"loc":{"start":{"line":47,"column":81},"end":{"line":51,"column":null}},"line":47},"2":{"name":"parseNumber","decl":{"start":{"line":53,"column":9},"end":{"line":53,"column":21}},"loc":{"start":{"line":53,"column":78},"end":{"line":57,"column":null}},"line":53},"3":{"name":"loadConfig","decl":{"start":{"line":63,"column":16},"end":{"line":63,"column":43}},"loc":{"start":{"line":63,"column":43},"end":{"line":92,"column":null}},"line":63},"4":{"name":"validateConfig","decl":{"start":{"line":97,"column":16},"end":{"line":97,"column":31}},"loc":{"start":{"line":97,"column":63},"end":{"line":117,"column":null}},"line":97}},"branchMap":{"0":{"loc":{"start":{"line":39,"column":2},"end":{"line":39,"column":null}},"type":"if","locations":[{"start":{"line":39,"column":2},"end":{"line":39,"column":null}},{"start":{},"end":{}}],"line":39},"1":{"loc":{"start":{"line":41,"column":2},"end":{"line":43,"column":null}},"type":"if","locations":[{"start":{"line":41,"column":2},"end":{"line":43,"column":null}},{"start":{},"end":{}}],"line":41},"2":{"loc":{"start":{"line":48,"column":2},"end":{"line":48,"column":null}},"type":"if","locations":[{"start":{"line":48,"column":2},"end":{"line":48,"column":null}},{"start":{},"end":{}}],"line":48},"3":{"loc":{"start":{"line":50,"column":9},"end":{"line":50,"column":null}},"type":"binary-expr","locations":[{"start":{"line":50,"column":9},"end":{"line":50,"column":29}},{"start":{"line":50,"column":29},"end":{"line":50,"column":46}},{"start":{"line":50,"column":46},"end":{"line":50,"column":null}}],"line":50},"4":{"loc":{"start":{"line":54,"column":2},"end":{"line":54,"column":null}},"type":"if","locations":[{"start":{"line":54,"column":2},"end":{"line":54,"column":null}},{"start":{},"end":{}}],"line":54},"5":{"loc":{"start":{"line":56,"column":9},"end":{"line":56,"column":null}},"type":"cond-expr","locations":[{"start":{"line":56,"column":25},"end":{"line":56,"column":40}},{"start":{"line":56,"column":40},"end":{"line":56,"column":null}}],"line":56},"6":{"loc":{"start":{"line":67,"column":10},"end":{"line":67,"column":null}},"type":"binary-expr","locations":[{"start":{"line":67,"column":10},"end":{"line":67,"column":33}},{"start":{"line":67,"column":33},"end":{"line":67,"column":null}}],"line":67},"7":{"loc":{"start":{"line":70,"column":16},"end":{"line":70,"column":null}},"type":"binary-expr","locations":[{"start":{"line":70,"column":16},"end":{"line":70,"column":46}},{"start":{"line":70,"column":46},"end":{"line":70,"column":null}}],"line":70},"8":{"loc":{"start":{"line":71,"column":18},"end":{"line":71,"column":null}},"type":"binary-expr","locations":[{"start":{"line":71,"column":18},"end":{"line":71,"column":50}},{"start":{"line":71,"column":50},"end":{"line":71,"column":null}}],"line":71},"9":{"loc":{"start":{"line":86,"column":14},"end":{"line":86,"column":null}},"type":"binary-expr","locations":[{"start":{"line":86,"column":14},"end":{"line":86,"column":42}},{"start":{"line":86,"column":42},"end":{"line":86,"column":null}}],"line":86},"10":{"loc":{"start":{"line":100,"column":2},"end":{"line":102,"column":null}},"type":"if","locations":[{"start":{"line":100,"column":2},"end":{"line":102,"column":null}},{"start":{},"end":{}}],"line":100},"11":{"loc":{"start":{"line":100,"column":6},"end":{"line":100,"column":46}},"type":"binary-expr","locations":[{"start":{"line":100,"column":6},"end":{"line":100,"column":25}},{"start":{"line":100,"column":25},"end":{"line":100,"column":46}}],"line":100},"12":{"loc":{"start":{"line":104,"column":2},"end":{"line":106,"column":null}},"type":"if","locations":[{"start":{"line":104,"column":2},"end":{"line":106,"column":null}},{"start":{},"end":{}}],"line":104},"13":{"loc":{"start":{"line":108,"column":2},"end":{"line":110,"column":null}},"type":"if","locations":[{"start":{"line":108,"column":2},"end":{"line":110,"column":null}},{"start":{},"end":{}}],"line":108},"14":{"loc":{"start":{"line":112,"column":2},"end":{"line":114,"column":null}},"type":"if","locations":[{"start":{"line":112,"column":2},"end":{"line":114,"column":null}},{"start":{},"end":{}}],"line":112}},"s":{"0":2,"1":23,"2":21,"3":2,"4":2,"5":1,"6":1,"7":69,"8":63,"9":6,"10":6,"11":115,"12":112,"13":3,"14":3,"15":23,"16":23,"17":23,"18":4,"19":23,"20":2,"21":23,"22":2,"23":23,"24":1,"25":23},"f":{"0":23,"1":69,"2":115,"3":23,"4":23},"b":{"0":[21,2],"1":[1,1],"2":[63,6],"3":[6,5,4],"4":[112,3],"5":[2,1],"6":[23,23],"7":[23,23],"8":[23,23],"9":[23,23],"10":[4,19],"11":[23,20],"12":[2,21],"13":[2,21],"14":[1,22]},"meta":{"lastBranch":15,"lastFunction":5,"lastStatement":26,"seen":{"s:35:19:35:Infinity":0,"f:38:9:38:23":0,"b:39:2:39:Infinity:undefined:undefined:undefined:undefined":0,"s:39:2:39:Infinity":1,"s:39:14:39:Infinity":2,"s:40:16:40:Infinity":3,"b:41:2:43:Infinity:undefined:undefined:undefined:undefined":1,"s:41:2:43:Infinity":4,"s:42:4:42:Infinity":5,"s:44:2:44:Infinity":6,"f:47:9:47:22":1,"b:48:2:48:Infinity:undefined:undefined:undefined:undefined":2,"s:48:2:48:Infinity":7,"s:48:14:48:Infinity":8,"s:49:16:49:Infinity":9,"s:50:2:50:Infinity":10,"b:50:9:50:29:50:29:50:46:50:46:50:Infinity":3,"f:53:9:53:21":2,"b:54:2:54:Infinity:undefined:undefined:undefined:undefined":4,"s:54:2:54:Infinity":11,"s:54:14:54:Infinity":12,"s:55:17:55:Infinity":13,"s:56:2:56:Infinity":14,"b:56:25:56:40:56:40:56:Infinity":5,"f:63:16:63:43":3,"s:64:2:91:Infinity":15,"b:67:10:67:33:67:33:67:Infinity":6,"b:70:16:70:46:70:46:70:Infinity":7,"b:71:18:71:50:71:50:71:Infinity":8,"b:86:14:86:42:86:42:86:Infinity":9,"f:97:16:97:31":4,"s:98:27:98:Infinity":16,"b:100:2:102:Infinity:undefined:undefined:undefined:undefined":10,"s:100:2:102:Infinity":17,"b:100:6:100:25:100:25:100:46":11,"s:101:4:101:Infinity":18,"b:104:2:106:Infinity:undefined:undefined:undefined:undefined":12,"s:104:2:106:Infinity":19,"s:105:4:105:Infinity":20,"b:108:2:110:Infinity:undefined:undefined:undefined:undefined":13,"s:108:2:110:Infinity":21,"s:109:4:109:Infinity":22,"b:112:2:114:Infinity:undefined:undefined:undefined:undefined":14,"s:112:2:114:Infinity":23,"s:113:4:113:Infinity":24,"s:116:2:116:Infinity":25}}}
,"C:\\Users\\jason\\Greatspark Dropbox\\Jason Alexander\\Coding\\projects\\dankwind\\src\\driver\\driver.ts": {"path":"C:\\Users\\jason\\Greatspark Dropbox\\Jason Alexander\\Coding\\projects\\dankwind\\src\\driver\\driver.ts","statementMap":{"0":{"start":{"line":66,"column":40},"end":{"line":66,"column":null}},"1":{"start":{"line":67,"column":31},"end":{"line":67,"column":null}},"2":{"start":{"line":70,"column":4},"end":{"line":70,"column":null}},"3":{"start":{"line":73,"column":10},"end":{"line":73,"column":null}},"4":{"start":{"line":74,"column":4},"end":{"line":76,"column":null}},"5":{"start":{"line":75,"column":6},"end":{"line":75,"column":null}},"6":{"start":{"line":79,"column":4},"end":{"line":87,"column":null}},"7":{"start":{"line":90,"column":4},"end":{"line":90,"column":null}},"8":{"start":{"line":91,"column":4},"end":{"line":93,"column":null}},"9":{"start":{"line":94,"column":4},"end":{"line":96,"column":null}},"10":{"start":{"line":97,"column":4},"end":{"line":99,"column":null}},"11":{"start":{"line":100,"column":4},"end":{"line":106,"column":null}},"12":{"start":{"line":113,"column":4},"end":{"line":115,"column":null}},"13":{"start":{"line":114,"column":6},"end":{"line":114,"column":null}},"14":{"start":{"line":117,"column":4},"end":{"line":117,"column":null}},"15":{"start":{"line":118,"column":4},"end":{"line":118,"column":null}},"16":{"start":{"line":120,"column":4},"end":{"line":155,"column":null}},"17":{"start":{"line":122,"column":6},"end":{"line":124,"column":null}},"18":{"start":{"line":127,"column":6},"end":{"line":127,"column":null}},"19":{"start":{"line":130,"column":6},"end":{"line":132,"column":null}},"20":{"start":{"line":131,"column":8},"end":{"line":131,"column":null}},"21":{"start":{"line":135,"column":6},"end":{"line":138,"column":null}},"22":{"start":{"line":136,"column":28},"end":{"line":136,"column":null}},"23":{"start":{"line":137,"column":8},"end":{"line":137,"column":null}},"24":{"start":{"line":141,"column":6},"end":{"line":141,"column":null}},"25":{"start":{"line":144,"column":6},"end":{"line":147,"column":null}},"26":{"start":{"line":145,"column":8},"end":{"line":145,"column":null}},"27":{"start":{"line":146,"column":8},"end":{"line":146,"column":null}},"28":{"start":{"line":149,"column":6},"end":{"line":149,"column":null}},"29":{"start":{"line":150,"column":6},"end":{"line":150,"column":null}},"30":{"start":{"line":152,"column":6},"end":{"line":152,"column":null}},"31":{"start":{"line":153,"column":6},"end":{"line":153,"column":null}},"32":{"start":{"line":154,"column":6},"end":{"line":154,"column":null}},"33":{"start":{"line":162,"column":4},"end":{"line":164,"column":null}},"34":{"start":{"line":163,"column":6},"end":{"line":163,"column":null}},"35":{"start":{"line":166,"column":4},"end":{"line":166,"column":null}},"36":{"start":{"line":167,"column":4},"end":{"line":167,"column":null}},"37":{"start":{"line":169,"column":4},"end":{"line":190,"column":null}},"38":{"start":{"line":171,"column":6},"end":{"line":173,"column":null}},"39":{"start":{"line":172,"column":8},"end":{"line":172,"column":null}},"40":{"start":{"line":176,"column":6},"end":{"line":176,"column":null}},"41":{"start":{"line":179,"column":6},"end":{"line":179,"column":null}},"42":{"start":{"line":182,"column":6},"end":{"line":182,"column":null}},"43":{"start":{"line":184,"column":6},"end":{"line":184,"column":null}},"44":{"start":{"line":185,"column":6},"end":{"line":185,"column":null}},"45":{"start":{"line":187,"column":6},"end":{"line":187,"column":null}},"46":{"start":{"line":188,"column":6},"end":{"line":188,"column":null}},"47":{"start":{"line":189,"column":6},"end":{"line":189,"column":null}},"48":{"start":{"line":197,"column":23},"end":{"line":197,"column":null}},"49":{"start":{"line":198,"column":4},"end":{"line":198,"column":null}},"50":{"start":{"line":201,"column":19},"end":{"line":201,"column":null}},"51":{"start":{"line":202,"column":4},"end":{"line":204,"column":null}},"52":{"start":{"line":203,"column":6},"end":{"line":203,"column":null}},"53":{"start":{"line":212,"column":4},"end":{"line":212,"column":null}},"54":{"start":{"line":220,"column":4},"end":{"line":220,"column":null}},"55":{"start":{"line":222,"column":4},"end":{"line":233,"column":null}},"56":{"start":{"line":223,"column":6},"end":{"line":232,"column":null}},"57":{"start":{"line":224,"column":23},"end":{"line":224,"column":null}},"58":{"start":{"line":225,"column":8},"end":{"line":229,"column":null}},"59":{"start":{"line":226,"column":10},"end":{"line":226,"column":null}},"60":{"start":{"line":228,"column":10},"end":{"line":228,"column":null}},"61":{"start":{"line":231,"column":8},"end":{"line":231,"column":null}},"62":{"start":{"line":240,"column":4},"end":{"line":240,"column":null}},"63":{"start":{"line":242,"column":4},"end":{"line":248,"column":null}},"64":{"start":{"line":243,"column":6},"end":{"line":247,"column":null}},"65":{"start":{"line":244,"column":8},"end":{"line":244,"column":null}},"66":{"start":{"line":246,"column":8},"end":{"line":246,"column":null}},"67":{"start":{"line":255,"column":4},"end":{"line":255,"column":null}},"68":{"start":{"line":262,"column":4},"end":{"line":262,"column":null}},"69":{"start":{"line":269,"column":4},"end":{"line":269,"column":null}},"70":{"start":{"line":276,"column":4},"end":{"line":276,"column":null}},"71":{"start":{"line":283,"column":4},"end":{"line":283,"column":null}},"72":{"start":{"line":290,"column":4},"end":{"line":290,"column":null}},"73":{"start":{"line":297,"column":4},"end":{"line":297,"column":null}},"74":{"start":{"line":304,"column":4},"end":{"line":304,"column":null}},"75":{"start":{"line":309,"column":36},"end":{"line":309,"column":null}},"76":{"start":{"line":315,"column":2},"end":{"line":317,"column":null}},"77":{"start":{"line":316,"column":4},"end":{"line":316,"column":null}},"78":{"start":{"line":318,"column":2},"end":{"line":318,"column":null}},"79":{"start":{"line":325,"column":2},"end":{"line":328,"column":null}},"80":{"start":{"line":329,"column":2},"end":{"line":329,"column":null}},"81":{"start":{"line":332,"column":2},"end":{"line":332,"column":null}},"82":{"start":{"line":333,"column":2},"end":{"line":333,"column":null}},"83":{"start":{"line":334,"column":2},"end":{"line":334,"column":null}},"84":{"start":{"line":335,"column":2},"end":{"line":335,"column":null}},"85":{"start":{"line":336,"column":2},"end":{"line":336,"column":null}}},"fnMap":{"0":{"name":"(anonymous_0)","decl":{"start":{"line":69,"column":2},"end":{"line":69,"column":14}},"loc":{"start":{"line":69,"column":46},"end":{"line":107,"column":null}},"line":69},"1":{"name":"(anonymous_1)","decl":{"start":{"line":112,"column":8},"end":{"line":112,"column":31}},"loc":{"start":{"line":112,"column":31},"end":{"line":156,"column":null}},"line":112},"2":{"name":"(anonymous_2)","decl":{"start":{"line":161,"column":8},"end":{"line":161,"column":30}},"loc":{"start":{"line":161,"column":30},"end":{"line":191,"column":null}},"line":161},"3":{"name":"(anonymous_3)","decl":{"start":{"line":196,"column":16},"end":{"line":196,"column":44}},"loc":{"start":{"line":196,"column":44},"end":{"line":214,"column":null}},"line":196},"4":{"name":"(anonymous_4)","decl":{"start":{"line":219,"column":16},"end":{"line":219,"column":31}},"loc":{"start":{"line":219,"column":63},"end":{"line":234,"column":null}},"line":219},"5":{"name":"(anonymous_5)","decl":{"start":{"line":239,"column":8},"end":{"line":239,"column":20}},"loc":{"start":{"line":239,"column":75},"end":{"line":249,"column":null}},"line":239},"6":{"name":"(anonymous_6)","decl":{"start":{"line":254,"column":2},"end":{"line":254,"column":26}},"loc":{"start":{"line":254,"column":26},"end":{"line":256,"column":null}},"line":254},"7":{"name":"(anonymous_7)","decl":{"start":{"line":261,"column":2},"end":{"line":261,"column":28}},"loc":{"start":{"line":261,"column":28},"end":{"line":263,"column":null}},"line":261},"8":{"name":"(anonymous_8)","decl":{"start":{"line":268,"column":2},"end":{"line":268,"column":32}},"loc":{"start":{"line":268,"column":32},"end":{"line":270,"column":null}},"line":268},"9":{"name":"(anonymous_9)","decl":{"start":{"line":275,"column":2},"end":{"line":275,"column":28}},"loc":{"start":{"line":275,"column":28},"end":{"line":277,"column":null}},"line":275},"10":{"name":"(anonymous_10)","decl":{"start":{"line":282,"column":2},"end":{"line":282,"column":30}},"loc":{"start":{"line":282,"column":30},"end":{"line":284,"column":null}},"line":282},"11":{"name":"(anonymous_11)","decl":{"start":{"line":289,"column":2},"end":{"line":289,"column":26}},"loc":{"start":{"line":289,"column":26},"end":{"line":291,"column":null}},"line":289},"12":{"name":"(anonymous_12)","decl":{"start":{"line":296,"column":2},"end":{"line":296,"column":28}},"loc":{"start":{"line":296,"column":28},"end":{"line":298,"column":null}},"line":296},"13":{"name":"(anonymous_13)","decl":{"start":{"line":303,"column":2},"end":{"line":303,"column":22}},"loc":{"start":{"line":303,"column":22},"end":{"line":305,"column":null}},"line":303},"14":{"name":"getDriver","decl":{"start":{"line":314,"column":16},"end":{"line":314,"column":26}},"loc":{"start":{"line":314,"column":66},"end":{"line":319,"column":null}},"line":314},"15":{"name":"resetDriver","decl":{"start":{"line":324,"column":16},"end":{"line":324,"column":36}},"loc":{"start":{"line":324,"column":36},"end":{"line":337,"column":null}},"line":324}},"branchMap":{"0":{"loc":{"start":{"line":70,"column":18},"end":{"line":70,"column":null}},"type":"cond-expr","locations":[{"start":{"line":70,"column":27},"end":{"line":70,"column":60}},{"start":{"line":70,"column":56},"end":{"line":70,"column":null}}],"line":70},"1":{"loc":{"start":{"line":74,"column":4},"end":{"line":76,"column":null}},"type":"if","locations":[{"start":{"line":74,"column":4},"end":{"line":76,"column":null}},{"start":{},"end":{}}],"line":74},"2":{"loc":{"start":{"line":79,"column":18},"end":{"line":87,"column":null}},"type":"cond-expr","locations":[{"start":{"line":79,"column":30},"end":{"line":86,"column":null}},{"start":{"line":86,"column":9},"end":{"line":87,"column":null}}],"line":79},"3":{"loc":{"start":{"line":113,"column":4},"end":{"line":115,"column":null}},"type":"if","locations":[{"start":{"line":113,"column":4},"end":{"line":115,"column":null}},{"start":{},"end":{}}],"line":113},"4":{"loc":{"start":{"line":130,"column":6},"end":{"line":132,"column":null}},"type":"if","locations":[{"start":{"line":130,"column":6},"end":{"line":132,"column":null}},{"start":{},"end":{}}],"line":130},"5":{"loc":{"start":{"line":135,"column":6},"end":{"line":138,"column":null}},"type":"if","locations":[{"start":{"line":135,"column":6},"end":{"line":138,"column":null}},{"start":{},"end":{}}],"line":135},"6":{"loc":{"start":{"line":144,"column":6},"end":{"line":147,"column":null}},"type":"if","locations":[{"start":{"line":144,"column":6},"end":{"line":147,"column":null}},{"start":{},"end":{}}],"line":144},"7":{"loc":{"start":{"line":162,"column":4},"end":{"line":164,"column":null}},"type":"if","locations":[{"start":{"line":162,"column":4},"end":{"line":164,"column":null}},{"start":{},"end":{}}],"line":162},"8":{"loc":{"start":{"line":171,"column":6},"end":{"line":173,"column":null}},"type":"if","locations":[{"start":{"line":171,"column":6},"end":{"line":173,"column":null}},{"start":{},"end":{}}],"line":171},"9":{"loc":{"start":{"line":202,"column":4},"end":{"line":204,"column":null}},"type":"if","locations":[{"start":{"line":202,"column":4},"end":{"line":204,"column":null}},{"start":{},"end":{}}],"line":202},"10":{"loc":{"start":{"line":225,"column":8},"end":{"line":229,"column":null}},"type":"if","locations":[{"start":{"line":225,"column":8},"end":{"line":229,"column":null}},{"start":{"line":227,"column":15},"end":{"line":229,"column":null}}],"line":225},"11":{"loc":{"start":{"line":242,"column":4},"end":{"line":248,"column":null}},"type":"if","locations":[{"start":{"line":242,"column":4},"end":{"line":248,"column":null}},{"start":{},"end":{}}],"line":242},"12":{"loc":{"start":{"line":315,"column":2},"end":{"line":317,"column":null}},"type":"if","locations":[{"start":{"line":315,"column":2},"end":{"line":317,"column":null}},{"start":{},"end":{}}],"line":315},"13":{"loc":{"start":{"line":325,"column":2},"end":{"line":328,"column":null}},"type":"if","locations":[{"start":{"line":325,"column":2},"end":{"line":328,"column":null}},{"start":{},"end":{}}],"line":325}},"s":{"0":16,"1":16,"2":16,"3":16,"4":16,"5":1,"6":15,"7":16,"8":16,"9":16,"10":16,"11":16,"12":4,"13":1,"14":3,"15":3,"16":3,"17":3,"18":3,"19":3,"20":0,"21":3,"22":0,"23":0,"24":3,"25":3,"26":0,"27":0,"28":3,"29":3,"30":0,"31":0,"32":0,"33":5,"34":2,"35":3,"36":3,"37":3,"38":3,"39":0,"40":3,"41":3,"42":3,"43":3,"44":3,"45":0,"46":0,"47":0,"48":3,"49":3,"50":3,"51":3,"52":0,"53":3,"54":0,"55":0,"56":0,"57":0,"58":0,"59":0,"60":0,"61":0,"62":1,"63":1,"64":0,"65":0,"66":0,"67":4,"68":1,"69":3,"70":4,"71":2,"72":2,"73":2,"74":2,"75":1,"76":0,"77":0,"78":0,"79":31,"80":31,"81":31,"82":31,"83":31,"84":31,"85":31},"f":{"0":16,"1":4,"2":5,"3":3,"4":0,"5":1,"6":4,"7":1,"8":3,"9":4,"10":2,"11":2,"12":2,"13":2,"14":0,"15":31},"b":{"0":[16,0],"1":[1,15],"2":[15,0],"3":[1,3],"4":[0,3],"5":[0,3],"6":[0,3],"7":[2,3],"8":[0,3],"9":[0,3],"10":[0,0],"11":[0,1],"12":[0,0],"13":[0,31]},"meta":{"lastBranch":14,"lastFunction":16,"lastStatement":86,"seen":{"s:66:40:66:Infinity":0,"s:67:31:67:Infinity":1,"f:69:2:69:14":0,"s:70:4:70:Infinity":2,"b:70:27:70:60:70:56:70:Infinity":0,"s:73:10:73:Infinity":3,"b:74:4:76:Infinity:undefined:undefined:undefined:undefined":1,"s:74:4:76:Infinity":4,"s:75:6:75:Infinity":5,"s:79:4:87:Infinity":6,"b:79:30:86:Infinity:86:9:87:Infinity":2,"s:90:4:90:Infinity":7,"s:91:4:93:Infinity":8,"s:94:4:96:Infinity":9,"s:97:4:99:Infinity":10,"s:100:4:106:Infinity":11,"f:112:8:112:31":1,"b:113:4:115:Infinity:undefined:undefined:undefined:undefined":3,"s:113:4:115:Infinity":12,"s:114:6:114:Infinity":13,"s:117:4:117:Infinity":14,"s:118:4:118:Infinity":15,"s:120:4:155:Infinity":16,"s:122:6:124:Infinity":17,"s:127:6:127:Infinity":18,"b:130:6:132:Infinity:undefined:undefined:undefined:undefined":4,"s:130:6:132:Infinity":19,"s:131:8:131:Infinity":20,"b:135:6:138:Infinity:undefined:undefined:undefined:undefined":5,"s:135:6:138:Infinity":21,"s:136:28:136:Infinity":22,"s:137:8:137:Infinity":23,"s:141:6:141:Infinity":24,"b:144:6:147:Infinity:undefined:undefined:undefined:undefined":6,"s:144:6:147:Infinity":25,"s:145:8:145:Infinity":26,"s:146:8:146:Infinity":27,"s:149:6:149:Infinity":28,"s:150:6:150:Infinity":29,"s:152:6:152:Infinity":30,"s:153:6:153:Infinity":31,"s:154:6:154:Infinity":32,"f:161:8:161:30":2,"b:162:4:164:Infinity:undefined:undefined:undefined:undefined":7,"s:162:4:164:Infinity":33,"s:163:6:163:Infinity":34,"s:166:4:166:Infinity":35,"s:167:4:167:Infinity":36,"s:169:4:190:Infinity":37,"b:171:6:173:Infinity:undefined:undefined:undefined:undefined":8,"s:171:6:173:Infinity":38,"s:172:8:172:Infinity":39,"s:176:6:176:Infinity":40,"s:179:6:179:Infinity":41,"s:182:6:182:Infinity":42,"s:184:6:184:Infinity":43,"s:185:6:185:Infinity":44,"s:187:6:187:Infinity":45,"s:188:6:188:Infinity":46,"s:189:6:189:Infinity":47,"f:196:16:196:44":3,"s:197:23:197:Infinity":48,"s:198:4:198:Infinity":49,"s:201:19:201:Infinity":50,"b:202:4:204:Infinity:undefined:undefined:undefined:undefined":9,"s:202:4:204:Infinity":51,"s:203:6:203:Infinity":52,"s:212:4:212:Infinity":53,"f:219:16:219:31":4,"s:220:4:220:Infinity":54,"s:222:4:233:Infinity":55,"s:223:6:232:Infinity":56,"s:224:23:224:Infinity":57,"b:225:8:229:Infinity:227:15:229:Infinity":10,"s:225:8:229:Infinity":58,"s:226:10:226:Infinity":59,"s:228:10:228:Infinity":60,"s:231:8:231:Infinity":61,"f:239:8:239:20":5,"s:240:4:240:Infinity":62,"b:242:4:248:Infinity:undefined:undefined:undefined:undefined":11,"s:242:4:248:Infinity":63,"s:243:6:247:Infinity":64,"s:244:8:244:Infinity":65,"s:246:8:246:Infinity":66,"f:254:2:254:26":6,"s:255:4:255:Infinity":67,"f:261:2:261:28":7,"s:262:4:262:Infinity":68,"f:268:2:268:32":8,"s:269:4:269:Infinity":69,"f:275:2:275:28":9,"s:276:4:276:Infinity":70,"f:282:2:282:30":10,"s:283:4:283:Infinity":71,"f:289:2:289:26":11,"s:290:4:290:Infinity":72,"f:296:2:296:28":12,"s:297:4:297:Infinity":73,"f:303:2:303:22":13,"s:304:4:304:Infinity":74,"s:309:36:309:Infinity":75,"f:314:16:314:26":14,"b:315:2:317:Infinity:undefined:undefined:undefined:undefined":12,"s:315:2:317:Infinity":76,"s:316:4:316:Infinity":77,"s:318:2:318:Infinity":78,"f:324:16:324:36":15,"b:325:2:328:Infinity:undefined:undefined:undefined:undefined":13,"s:325:2:328:Infinity":79,"s:329:2:329:Infinity":80,"s:332:2:332:Infinity":81,"s:333:2:333:Infinity":82,"s:334:2:334:Infinity":83,"s:335:2:335:Infinity":84,"s:336:2:336:Infinity":85}}}
,"C:\\Users\\jason\\Greatspark Dropbox\\Jason Alexander\\Coding\\projects\\dankwind\\src\\driver\\efun-bridge.ts": {"path":"C:\\Users\\jason\\Greatspark Dropbox\\Jason Alexander\\Coding\\projects\\dankwind\\src\\driver\\efun-bridge.ts","statementMap":{"0":{"start":{"line":40,"column":33},"end":{"line":40,"column":null}},"1":{"start":{"line":43,"column":4},"end":{"line":45,"column":null}},"2":{"start":{"line":46,"column":4},"end":{"line":46,"column":null}},"3":{"start":{"line":47,"column":4},"end":{"line":47,"column":null}},"4":{"start":{"line":48,"column":4},"end":{"line":48,"column":null}},"5":{"start":{"line":55,"column":4},"end":{"line":57,"column":null}},"6":{"start":{"line":56,"column":6},"end":{"line":56,"column":null}},"7":{"start":{"line":58,"column":4},"end":{"line":60,"column":null}},"8":{"start":{"line":59,"column":6},"end":{"line":59,"column":null}},"9":{"start":{"line":67,"column":4},"end":{"line":67,"column":null}},"10":{"start":{"line":77,"column":4},"end":{"line":77,"column":null}},"11":{"start":{"line":85,"column":4},"end":{"line":85,"column":null}},"12":{"start":{"line":93,"column":4},"end":{"line":93,"column":null}},"13":{"start":{"line":101,"column":4},"end":{"line":101,"column":null}},"14":{"start":{"line":111,"column":4},"end":{"line":111,"column":null}},"15":{"start":{"line":119,"column":4},"end":{"line":119,"column":null}},"16":{"start":{"line":128,"column":4},"end":{"line":128,"column":null}},"17":{"start":{"line":137,"column":4},"end":{"line":137,"column":null}},"18":{"start":{"line":144,"column":4},"end":{"line":144,"column":null}},"19":{"start":{"line":153,"column":4},"end":{"line":153,"column":null}},"20":{"start":{"line":163,"column":27},"end":{"line":163,"column":null}},"21":{"start":{"line":166,"column":4},"end":{"line":168,"column":null}},"22":{"start":{"line":167,"column":6},"end":{"line":167,"column":null}},"23":{"start":{"line":179,"column":10},"end":{"line":179,"column":null}},"24":{"start":{"line":180,"column":10},"end":{"line":180,"column":null}},"25":{"start":{"line":183,"column":10},"end":{"line":183,"column":null}},"26":{"start":{"line":184,"column":4},"end":{"line":186,"column":null}},"27":{"start":{"line":185,"column":6},"end":{"line":185,"column":null}},"28":{"start":{"line":188,"column":4},"end":{"line":188,"column":null}},"29":{"start":{"line":197,"column":19},"end":{"line":197,"column":null}},"30":{"start":{"line":198,"column":4},"end":{"line":200,"column":null}},"31":{"start":{"line":199,"column":6},"end":{"line":199,"column":null}},"32":{"start":{"line":201,"column":21},"end":{"line":201,"column":null}},"33":{"start":{"line":202,"column":4},"end":{"line":202,"column":null}},"34":{"start":{"line":212,"column":19},"end":{"line":212,"column":null}},"35":{"start":{"line":213,"column":4},"end":{"line":215,"column":null}},"36":{"start":{"line":214,"column":6},"end":{"line":214,"column":null}},"37":{"start":{"line":216,"column":21},"end":{"line":216,"column":null}},"38":{"start":{"line":218,"column":4},"end":{"line":218,"column":null}},"39":{"start":{"line":219,"column":4},"end":{"line":219,"column":null}},"40":{"start":{"line":228,"column":19},"end":{"line":228,"column":null}},"41":{"start":{"line":229,"column":4},"end":{"line":231,"column":null}},"42":{"start":{"line":230,"column":6},"end":{"line":230,"column":null}},"43":{"start":{"line":232,"column":4},"end":{"line":238,"column":null}},"44":{"start":{"line":233,"column":23},"end":{"line":233,"column":null}},"45":{"start":{"line":234,"column":6},"end":{"line":234,"column":null}},"46":{"start":{"line":235,"column":6},"end":{"line":235,"column":null}},"47":{"start":{"line":237,"column":6},"end":{"line":237,"column":null}},"48":{"start":{"line":247,"column":19},"end":{"line":247,"column":null}},"49":{"start":{"line":248,"column":4},"end":{"line":250,"column":null}},"50":{"start":{"line":249,"column":6},"end":{"line":249,"column":null}},"51":{"start":{"line":251,"column":21},"end":{"line":251,"column":null}},"52":{"start":{"line":252,"column":4},"end":{"line":252,"column":null}},"53":{"start":{"line":262,"column":21},"end":{"line":262,"column":null}},"54":{"start":{"line":263,"column":18},"end":{"line":263,"column":null}},"55":{"start":{"line":264,"column":4},"end":{"line":269,"column":null}},"56":{"start":{"line":278,"column":4},"end":{"line":278,"column":null}},"57":{"start":{"line":285,"column":4},"end":{"line":285,"column":null}},"58":{"start":{"line":293,"column":4},"end":{"line":293,"column":null}},"59":{"start":{"line":301,"column":4},"end":{"line":301,"column":null}},"60":{"start":{"line":301,"column":14},"end":{"line":301,"column":null}},"61":{"start":{"line":302,"column":4},"end":{"line":302,"column":null}},"62":{"start":{"line":311,"column":4},"end":{"line":311,"column":null}},"63":{"start":{"line":320,"column":4},"end":{"line":320,"column":null}},"64":{"start":{"line":328,"column":4},"end":{"line":328,"column":null}},"65":{"start":{"line":336,"column":4},"end":{"line":336,"column":null}},"66":{"start":{"line":344,"column":4},"end":{"line":344,"column":null}},"67":{"start":{"line":354,"column":4},"end":{"line":354,"column":null}},"68":{"start":{"line":362,"column":4},"end":{"line":362,"column":null}},"69":{"start":{"line":369,"column":19},"end":{"line":369,"column":null}},"70":{"start":{"line":370,"column":4},"end":{"line":370,"column":null}},"71":{"start":{"line":370,"column":17},"end":{"line":370,"column":null}},"72":{"start":{"line":371,"column":4},"end":{"line":371,"column":null}},"73":{"start":{"line":378,"column":19},"end":{"line":378,"column":null}},"74":{"start":{"line":379,"column":4},"end":{"line":379,"column":null}},"75":{"start":{"line":379,"column":17},"end":{"line":379,"column":null}},"76":{"start":{"line":380,"column":4},"end":{"line":380,"column":null}},"77":{"start":{"line":387,"column":19},"end":{"line":387,"column":null}},"78":{"start":{"line":388,"column":4},"end":{"line":388,"column":null}},"79":{"start":{"line":388,"column":17},"end":{"line":388,"column":null}},"80":{"start":{"line":389,"column":4},"end":{"line":389,"column":null}},"81":{"start":{"line":396,"column":19},"end":{"line":396,"column":null}},"82":{"start":{"line":397,"column":4},"end":{"line":397,"column":null}},"83":{"start":{"line":397,"column":17},"end":{"line":397,"column":null}},"84":{"start":{"line":398,"column":14},"end":{"line":398,"column":null}},"85":{"start":{"line":399,"column":4},"end":{"line":399,"column":null}},"86":{"start":{"line":399,"column":17},"end":{"line":399,"column":null}},"87":{"start":{"line":400,"column":4},"end":{"line":400,"column":null}},"88":{"start":{"line":411,"column":4},"end":{"line":411,"column":null}},"89":{"start":{"line":420,"column":4},"end":{"line":420,"column":null}},"90":{"start":{"line":428,"column":4},"end":{"line":428,"column":null}},"91":{"start":{"line":435,"column":4},"end":{"line":483,"column":null}},"92":{"start":{"line":488,"column":40},"end":{"line":488,"column":null}},"93":{"start":{"line":494,"column":2},"end":{"line":496,"column":null}},"94":{"start":{"line":495,"column":4},"end":{"line":495,"column":null}},"95":{"start":{"line":497,"column":2},"end":{"line":497,"column":null}},"96":{"start":{"line":504,"column":2},"end":{"line":506,"column":null}},"97":{"start":{"line":505,"column":4},"end":{"line":505,"column":null}},"98":{"start":{"line":507,"column":2},"end":{"line":507,"column":null}},"99":{"start":{"line":508,"column":2},"end":{"line":508,"column":null}}},"fnMap":{"0":{"name":"(anonymous_0)","decl":{"start":{"line":42,"column":2},"end":{"line":42,"column":14}},"loc":{"start":{"line":42,"column":54},"end":{"line":49,"column":null}},"line":42},"1":{"name":"(anonymous_1)","decl":{"start":{"line":54,"column":2},"end":{"line":54,"column":13}},"loc":{"start":{"line":54,"column":50},"end":{"line":61,"column":null}},"line":54},"2":{"name":"(anonymous_2)","decl":{"start":{"line":66,"column":2},"end":{"line":66,"column":23}},"loc":{"start":{"line":66,"column":23},"end":{"line":68,"column":null}},"line":66},"3":{"name":"(anonymous_3)","decl":{"start":{"line":76,"column":8},"end":{"line":76,"column":20}},"loc":{"start":{"line":76,"column":66},"end":{"line":78,"column":null}},"line":76},"4":{"name":"(anonymous_4)","decl":{"start":{"line":84,"column":8},"end":{"line":84,"column":17}},"loc":{"start":{"line":84,"column":51},"end":{"line":86,"column":null}},"line":84},"5":{"name":"(anonymous_5)","decl":{"start":{"line":92,"column":2},"end":{"line":92,"column":13}},"loc":{"start":{"line":92,"column":50},"end":{"line":94,"column":null}},"line":92},"6":{"name":"(anonymous_6)","decl":{"start":{"line":100,"column":2},"end":{"line":100,"column":13}},"loc":{"start":{"line":100,"column":54},"end":{"line":102,"column":null}},"line":100},"7":{"name":"(anonymous_7)","decl":{"start":{"line":110,"column":2},"end":{"line":110,"column":15}},"loc":{"start":{"line":110,"column":47},"end":{"line":112,"column":null}},"line":110},"8":{"name":"(anonymous_8)","decl":{"start":{"line":118,"column":2},"end":{"line":118,"column":14}},"loc":{"start":{"line":118,"column":51},"end":{"line":120,"column":null}},"line":118},"9":{"name":"(anonymous_9)","decl":{"start":{"line":127,"column":8},"end":{"line":127,"column":13}},"loc":{"start":{"line":127,"column":81},"end":{"line":129,"column":null}},"line":127},"10":{"name":"(anonymous_10)","decl":{"start":{"line":136,"column":2},"end":{"line":136,"column":33}},"loc":{"start":{"line":136,"column":33},"end":{"line":138,"column":null}},"line":136},"11":{"name":"(anonymous_11)","decl":{"start":{"line":143,"column":2},"end":{"line":143,"column":33}},"loc":{"start":{"line":143,"column":33},"end":{"line":145,"column":null}},"line":143},"12":{"name":"(anonymous_12)","decl":{"start":{"line":151,"column":2},"end":{"line":151,"column":28}},"loc":{"start":{"line":151,"column":28},"end":{"line":154,"column":null}},"line":151},"13":{"name":"(anonymous_13)","decl":{"start":{"line":161,"column":2},"end":{"line":161,"column":7}},"loc":{"start":{"line":161,"column":49},"end":{"line":169,"column":null}},"line":161},"14":{"name":"(anonymous_14)","decl":{"start":{"line":177,"column":10},"end":{"line":177,"column":28}},"loc":{"start":{"line":177,"column":50},"end":{"line":189,"column":null}},"line":177},"15":{"name":"(anonymous_15)","decl":{"start":{"line":195,"column":8},"end":{"line":195,"column":17}},"loc":{"start":{"line":195,"column":48},"end":{"line":203,"column":null}},"line":195},"16":{"name":"(anonymous_16)","decl":{"start":{"line":210,"column":8},"end":{"line":210,"column":18}},"loc":{"start":{"line":210,"column":64},"end":{"line":220,"column":null}},"line":210},"17":{"name":"(anonymous_17)","decl":{"start":{"line":226,"column":8},"end":{"line":226,"column":19}},"loc":{"start":{"line":226,"column":51},"end":{"line":239,"column":null}},"line":226},"18":{"name":"(anonymous_18)","decl":{"start":{"line":245,"column":8},"end":{"line":245,"column":16}},"loc":{"start":{"line":245,"column":49},"end":{"line":253,"column":null}},"line":245},"19":{"name":"(anonymous_19)","decl":{"start":{"line":259,"column":8},"end":{"line":259,"column":null}},"loc":{"start":{"line":261,"column":83},"end":{"line":270,"column":null}},"line":261},"20":{"name":"(anonymous_20)","decl":{"start":{"line":277,"column":2},"end":{"line":277,"column":17}},"loc":{"start":{"line":277,"column":17},"end":{"line":279,"column":null}},"line":277},"21":{"name":"(anonymous_21)","decl":{"start":{"line":284,"column":2},"end":{"line":284,"column":19}},"loc":{"start":{"line":284,"column":19},"end":{"line":286,"column":null}},"line":284},"22":{"name":"(anonymous_22)","decl":{"start":{"line":292,"column":2},"end":{"line":292,"column":9}},"loc":{"start":{"line":292,"column":30},"end":{"line":294,"column":null}},"line":292},"23":{"name":"(anonymous_23)","decl":{"start":{"line":300,"column":2},"end":{"line":300,"column":13}},"loc":{"start":{"line":300,"column":34},"end":{"line":303,"column":null}},"line":300},"24":{"name":"(anonymous_24)","decl":{"start":{"line":310,"column":2},"end":{"line":310,"column":10}},"loc":{"start":{"line":310,"column":52},"end":{"line":312,"column":null}},"line":310},"25":{"name":"(anonymous_25)","decl":{"start":{"line":319,"column":2},"end":{"line":319,"column":10}},"loc":{"start":{"line":319,"column":52},"end":{"line":321,"column":null}},"line":319},"26":{"name":"(anonymous_26)","decl":{"start":{"line":327,"column":2},"end":{"line":327,"column":7}},"loc":{"start":{"line":327,"column":28},"end":{"line":329,"column":null}},"line":327},"27":{"name":"(anonymous_27)","decl":{"start":{"line":335,"column":2},"end":{"line":335,"column":8}},"loc":{"start":{"line":335,"column":29},"end":{"line":337,"column":null}},"line":335},"28":{"name":"(anonymous_28)","decl":{"start":{"line":343,"column":2},"end":{"line":343,"column":8}},"loc":{"start":{"line":343,"column":29},"end":{"line":345,"column":null}},"line":343},"29":{"name":"(anonymous_29)","decl":{"start":{"line":353,"column":2},"end":{"line":353,"column":22}},"loc":{"start":{"line":353,"column":45},"end":{"line":355,"column":null}},"line":353},"30":{"name":"(anonymous_30)","decl":{"start":{"line":361,"column":2},"end":{"line":361,"column":23}},"loc":{"start":{"line":361,"column":46},"end":{"line":363,"column":null}},"line":361},"31":{"name":"(anonymous_31)","decl":{"start":{"line":368,"column":2},"end":{"line":368,"column":21}},"loc":{"start":{"line":368,"column":21},"end":{"line":372,"column":null}},"line":368},"32":{"name":"(anonymous_32)","decl":{"start":{"line":377,"column":2},"end":{"line":377,"column":23}},"loc":{"start":{"line":377,"column":23},"end":{"line":381,"column":null}},"line":377},"33":{"name":"(anonymous_33)","decl":{"start":{"line":386,"column":2},"end":{"line":386,"column":31}},"loc":{"start":{"line":386,"column":31},"end":{"line":390,"column":null}},"line":386},"34":{"name":"(anonymous_34)","decl":{"start":{"line":395,"column":2},"end":{"line":395,"column":25}},"loc":{"start":{"line":395,"column":25},"end":{"line":401,"column":null}},"line":395},"35":{"name":"(anonymous_35)","decl":{"start":{"line":410,"column":2},"end":{"line":410,"column":15}},"loc":{"start":{"line":410,"column":57},"end":{"line":412,"column":null}},"line":410},"36":{"name":"(anonymous_36)","decl":{"start":{"line":419,"column":2},"end":{"line":419,"column":10}},"loc":{"start":{"line":419,"column":73},"end":{"line":421,"column":null}},"line":419},"37":{"name":"(anonymous_37)","decl":{"start":{"line":427,"column":2},"end":{"line":427,"column":16}},"loc":{"start":{"line":427,"column":37},"end":{"line":429,"column":null}},"line":427},"38":{"name":"(anonymous_38)","decl":{"start":{"line":434,"column":2},"end":{"line":434,"column":38}},"loc":{"start":{"line":434,"column":38},"end":{"line":484,"column":null}},"line":434},"39":{"name":"getEfunBridge","decl":{"start":{"line":493,"column":16},"end":{"line":493,"column":30}},"loc":{"start":{"line":493,"column":78},"end":{"line":498,"column":null}},"line":493},"40":{"name":"resetEfunBridge","decl":{"start":{"line":503,"column":16},"end":{"line":503,"column":40}},"loc":{"start":{"line":503,"column":40},"end":{"line":509,"column":null}},"line":503}},"branchMap":{"0":{"loc":{"start":{"line":42,"column":14},"end":{"line":42,"column":54}},"type":"default-arg","locations":[{"start":{"line":42,"column":50},"end":{"line":42,"column":54}}],"line":42},"1":{"loc":{"start":{"line":44,"column":18},"end":{"line":44,"column":null}},"type":"binary-expr","locations":[{"start":{"line":44,"column":18},"end":{"line":44,"column":39}},{"start":{"line":44,"column":39},"end":{"line":44,"column":null}}],"line":44},"2":{"loc":{"start":{"line":55,"column":4},"end":{"line":57,"column":null}},"type":"if","locations":[{"start":{"line":55,"column":4},"end":{"line":57,"column":null}},{"start":{},"end":{}}],"line":55},"3":{"loc":{"start":{"line":58,"column":4},"end":{"line":60,"column":null}},"type":"if","locations":[{"start":{"line":58,"column":4},"end":{"line":60,"column":null}},{"start":{},"end":{}}],"line":58},"4":{"loc":{"start":{"line":166,"column":4},"end":{"line":168,"column":null}},"type":"if","locations":[{"start":{"line":166,"column":4},"end":{"line":168,"column":null}},{"start":{},"end":{}}],"line":166},"5":{"loc":{"start":{"line":184,"column":4},"end":{"line":186,"column":null}},"type":"if","locations":[{"start":{"line":184,"column":4},"end":{"line":186,"column":null}},{"start":{},"end":{}}],"line":184},"6":{"loc":{"start":{"line":198,"column":4},"end":{"line":200,"column":null}},"type":"if","locations":[{"start":{"line":198,"column":4},"end":{"line":200,"column":null}},{"start":{},"end":{}}],"line":198},"7":{"loc":{"start":{"line":213,"column":4},"end":{"line":215,"column":null}},"type":"if","locations":[{"start":{"line":213,"column":4},"end":{"line":215,"column":null}},{"start":{},"end":{}}],"line":213},"8":{"loc":{"start":{"line":229,"column":4},"end":{"line":231,"column":null}},"type":"if","locations":[{"start":{"line":229,"column":4},"end":{"line":231,"column":null}},{"start":{},"end":{}}],"line":229},"9":{"loc":{"start":{"line":248,"column":4},"end":{"line":250,"column":null}},"type":"if","locations":[{"start":{"line":248,"column":4},"end":{"line":250,"column":null}},{"start":{},"end":{}}],"line":248},"10":{"loc":{"start":{"line":301,"column":4},"end":{"line":301,"column":null}},"type":"if","locations":[{"start":{"line":301,"column":4},"end":{"line":301,"column":null}},{"start":{},"end":{}}],"line":301},"11":{"loc":{"start":{"line":370,"column":4},"end":{"line":370,"column":null}},"type":"if","locations":[{"start":{"line":370,"column":4},"end":{"line":370,"column":null}},{"start":{},"end":{}}],"line":370},"12":{"loc":{"start":{"line":379,"column":4},"end":{"line":379,"column":null}},"type":"if","locations":[{"start":{"line":379,"column":4},"end":{"line":379,"column":null}},{"start":{},"end":{}}],"line":379},"13":{"loc":{"start":{"line":388,"column":4},"end":{"line":388,"column":null}},"type":"if","locations":[{"start":{"line":388,"column":4},"end":{"line":388,"column":null}},{"start":{},"end":{}}],"line":388},"14":{"loc":{"start":{"line":397,"column":4},"end":{"line":397,"column":null}},"type":"if","locations":[{"start":{"line":397,"column":4},"end":{"line":397,"column":null}},{"start":{},"end":{}}],"line":397},"15":{"loc":{"start":{"line":399,"column":4},"end":{"line":399,"column":null}},"type":"if","locations":[{"start":{"line":399,"column":4},"end":{"line":399,"column":null}},{"start":{},"end":{}}],"line":399},"16":{"loc":{"start":{"line":494,"column":2},"end":{"line":496,"column":null}},"type":"if","locations":[{"start":{"line":494,"column":2},"end":{"line":496,"column":null}},{"start":{},"end":{}}],"line":494},"17":{"loc":{"start":{"line":504,"column":2},"end":{"line":506,"column":null}},"type":"if","locations":[{"start":{"line":504,"column":2},"end":{"line":506,"column":null}},{"start":{},"end":{}}],"line":504}},"s":{"0":42,"1":42,"2":42,"3":42,"4":42,"5":3,"6":2,"7":3,"8":2,"9":16,"10":0,"11":0,"12":0,"13":0,"14":1,"15":2,"16":1,"17":2,"18":2,"19":1,"20":2,"21":2,"22":1,"23":15,"24":15,"25":15,"26":15,"27":2,"28":13,"29":5,"30":5,"31":0,"32":5,"33":5,"34":6,"35":6,"36":0,"37":6,"38":6,"39":6,"40":2,"41":2,"42":0,"43":2,"44":2,"45":2,"46":1,"47":1,"48":1,"49":1,"50":0,"51":1,"52":1,"53":1,"54":1,"55":1,"56":1,"57":1,"58":100,"59":3,"60":1,"61":2,"62":2,"63":2,"64":2,"65":2,"66":2,"67":0,"68":0,"69":0,"70":0,"71":0,"72":0,"73":0,"74":0,"75":0,"76":0,"77":0,"78":0,"79":0,"80":0,"81":0,"82":0,"83":0,"84":0,"85":0,"86":0,"87":0,"88":0,"89":0,"90":0,"91":1,"92":2,"93":15,"94":15,"95":15,"96":85,"97":15,"98":85,"99":85},"f":{"0":42,"1":3,"2":16,"3":0,"4":0,"5":0,"6":0,"7":1,"8":2,"9":1,"10":2,"11":2,"12":1,"13":2,"14":15,"15":5,"16":6,"17":2,"18":1,"19":1,"20":1,"21":1,"22":100,"23":3,"24":2,"25":2,"26":2,"27":2,"28":2,"29":0,"30":0,"31":0,"32":0,"33":0,"34":0,"35":0,"36":0,"37":0,"38":1,"39":15,"40":85},"b":{"0":[42],"1":[42,0],"2":[2,1],"3":[2,1],"4":[1,1],"5":[2,13],"6":[0,5],"7":[0,6],"8":[0,2],"9":[0,1],"10":[1,2],"11":[0,0],"12":[0,0],"13":[0,0],"14":[0,0],"15":[0,0],"16":[15,0],"17":[15,70]},"meta":{"lastBranch":18,"lastFunction":41,"lastStatement":100,"seen":{"s:40:33:40:Infinity":0,"f:42:2:42:14":0,"b:42:50:42:54":0,"s:43:4:45:Infinity":1,"b:44:18:44:39:44:39:44:Infinity":1,"s:46:4:46:Infinity":2,"s:47:4:47:Infinity":3,"s:48:4:48:Infinity":4,"f:54:2:54:13":1,"b:55:4:57:Infinity:undefined:undefined:undefined:undefined":2,"s:55:4:57:Infinity":5,"s:56:6:56:Infinity":6,"b:58:4:60:Infinity:undefined:undefined:undefined:undefined":3,"s:58:4:60:Infinity":7,"s:59:6:59:Infinity":8,"f:66:2:66:23":2,"s:67:4:67:Infinity":9,"f:76:8:76:20":3,"s:77:4:77:Infinity":10,"f:84:8:84:17":4,"s:85:4:85:Infinity":11,"f:92:2:92:13":5,"s:93:4:93:Infinity":12,"f:100:2:100:13":6,"s:101:4:101:Infinity":13,"f:110:2:110:15":7,"s:111:4:111:Infinity":14,"f:118:2:118:14":8,"s:119:4:119:Infinity":15,"f:127:8:127:13":9,"s:128:4:128:Infinity":16,"f:136:2:136:33":10,"s:137:4:137:Infinity":17,"f:143:2:143:33":11,"s:144:4:144:Infinity":18,"f:151:2:151:28":12,"s:153:4:153:Infinity":19,"f:161:2:161:7":13,"s:163:27:163:Infinity":20,"b:166:4:168:Infinity:undefined:undefined:undefined:undefined":4,"s:166:4:168:Infinity":21,"s:167:6:167:Infinity":22,"f:177:10:177:28":14,"s:179:10:179:Infinity":23,"s:180:10:180:Infinity":24,"s:183:10:183:Infinity":25,"b:184:4:186:Infinity:undefined:undefined:undefined:undefined":5,"s:184:4:186:Infinity":26,"s:185:6:185:Infinity":27,"s:188:4:188:Infinity":28,"f:195:8:195:17":15,"s:197:19:197:Infinity":29,"b:198:4:200:Infinity:undefined:undefined:undefined:undefined":6,"s:198:4:200:Infinity":30,"s:199:6:199:Infinity":31,"s:201:21:201:Infinity":32,"s:202:4:202:Infinity":33,"f:210:8:210:18":16,"s:212:19:212:Infinity":34,"b:213:4:215:Infinity:undefined:undefined:undefined:undefined":7,"s:213:4:215:Infinity":35,"s:214:6:214:Infinity":36,"s:216:21:216:Infinity":37,"s:218:4:218:Infinity":38,"s:219:4:219:Infinity":39,"f:226:8:226:19":17,"s:228:19:228:Infinity":40,"b:229:4:231:Infinity:undefined:undefined:undefined:undefined":8,"s:229:4:231:Infinity":41,"s:230:6:230:Infinity":42,"s:232:4:238:Infinity":43,"s:233:23:233:Infinity":44,"s:234:6:234:Infinity":45,"s:235:6:235:Infinity":46,"s:237:6:237:Infinity":47,"f:245:8:245:16":18,"s:247:19:247:Infinity":48,"b:248:4:250:Infinity:undefined:undefined:undefined:undefined":9,"s:248:4:250:Infinity":49,"s:249:6:249:Infinity":50,"s:251:21:251:Infinity":51,"s:252:4:252:Infinity":52,"f:259:8:259:Infinity":19,"s:262:21:262:Infinity":53,"s:263:18:263:Infinity":54,"s:264:4:269:Infinity":55,"f:277:2:277:17":20,"s:278:4:278:Infinity":56,"f:284:2:284:19":21,"s:285:4:285:Infinity":57,"f:292:2:292:9":22,"s:293:4:293:Infinity":58,"f:300:2:300:13":23,"b:301:4:301:Infinity:undefined:undefined:undefined:undefined":10,"s:301:4:301:Infinity":59,"s:301:14:301:Infinity":60,"s:302:4:302:Infinity":61,"f:310:2:310:10":24,"s:311:4:311:Infinity":62,"f:319:2:319:10":25,"s:320:4:320:Infinity":63,"f:327:2:327:7":26,"s:328:4:328:Infinity":64,"f:335:2:335:8":27,"s:336:4:336:Infinity":65,"f:343:2:343:8":28,"s:344:4:344:Infinity":66,"f:353:2:353:22":29,"s:354:4:354:Infinity":67,"f:361:2:361:23":30,"s:362:4:362:Infinity":68,"f:368:2:368:21":31,"s:369:19:369:Infinity":69,"b:370:4:370:Infinity:undefined:undefined:undefined:undefined":11,"s:370:4:370:Infinity":70,"s:370:17:370:Infinity":71,"s:371:4:371:Infinity":72,"f:377:2:377:23":32,"s:378:19:378:Infinity":73,"b:379:4:379:Infinity:undefined:undefined:undefined:undefined":12,"s:379:4:379:Infinity":74,"s:379:17:379:Infinity":75,"s:380:4:380:Infinity":76,"f:386:2:386:31":33,"s:387:19:387:Infinity":77,"b:388:4:388:Infinity:undefined:undefined:undefined:undefined":13,"s:388:4:388:Infinity":78,"s:388:17:388:Infinity":79,"s:389:4:389:Infinity":80,"f:395:2:395:25":34,"s:396:19:396:Infinity":81,"b:397:4:397:Infinity:undefined:undefined:undefined:undefined":14,"s:397:4:397:Infinity":82,"s:397:17:397:Infinity":83,"s:398:14:398:Infinity":84,"b:399:4:399:Infinity:undefined:undefined:undefined:undefined":15,"s:399:4:399:Infinity":85,"s:399:17:399:Infinity":86,"s:400:4:400:Infinity":87,"f:410:2:410:15":35,"s:411:4:411:Infinity":88,"f:419:2:419:10":36,"s:420:4:420:Infinity":89,"f:427:2:427:16":37,"s:428:4:428:Infinity":90,"f:434:2:434:38":38,"s:435:4:483:Infinity":91,"s:488:40:488:Infinity":92,"f:493:16:493:30":39,"b:494:2:496:Infinity:undefined:undefined:undefined:undefined":16,"s:494:2:496:Infinity":93,"s:495:4:495:Infinity":94,"s:497:2:497:Infinity":95,"f:503:16:503:40":40,"b:504:2:506:Infinity:undefined:undefined:undefined:undefined":17,"s:504:2:506:Infinity":96,"s:505:4:505:Infinity":97,"s:507:2:507:Infinity":98,"s:508:2:508:Infinity":99}}}
,"C:\\Users\\jason\\Greatspark Dropbox\\Jason Alexander\\Coding\\projects\\dankwind\\src\\driver\\hot-reload.ts": {"path":"C:\\Users\\jason\\Greatspark Dropbox\\Jason Alexander\\Coding\\projects\\dankwind\\src\\driver\\hot-reload.ts","statementMap":{"0":{"start":{"line":52,"column":38},"end":{"line":52,"column":null}},"1":{"start":{"line":53,"column":54},"end":{"line":53,"column":null}},"2":{"start":{"line":54,"column":56},"end":{"line":54,"column":null}},"3":{"start":{"line":57,"column":4},"end":{"line":61,"column":null}},"4":{"start":{"line":63,"column":4},"end":{"line":63,"column":null}},"5":{"start":{"line":64,"column":4},"end":{"line":64,"column":null}},"6":{"start":{"line":71,"column":4},"end":{"line":73,"column":null}},"7":{"start":{"line":72,"column":6},"end":{"line":72,"column":null}},"8":{"start":{"line":75,"column":4},"end":{"line":83,"column":null}},"9":{"start":{"line":79,"column":8},"end":{"line":81,"column":null}},"10":{"start":{"line":80,"column":10},"end":{"line":80,"column":null}},"11":{"start":{"line":90,"column":4},"end":{"line":93,"column":null}},"12":{"start":{"line":91,"column":6},"end":{"line":91,"column":null}},"13":{"start":{"line":92,"column":6},"end":{"line":92,"column":null}},"14":{"start":{"line":96,"column":4},"end":{"line":98,"column":null}},"15":{"start":{"line":97,"column":6},"end":{"line":97,"column":null}},"16":{"start":{"line":99,"column":4},"end":{"line":99,"column":null}},"17":{"start":{"line":107,"column":21},"end":{"line":107,"column":null}},"18":{"start":{"line":108,"column":4},"end":{"line":110,"column":null}},"19":{"start":{"line":109,"column":6},"end":{"line":109,"column":null}},"20":{"start":{"line":112,"column":18},"end":{"line":116,"column":null}},"21":{"start":{"line":113,"column":6},"end":{"line":113,"column":null}},"22":{"start":{"line":114,"column":25},"end":{"line":114,"column":null}},"23":{"start":{"line":115,"column":6},"end":{"line":115,"column":null}},"24":{"start":{"line":118,"column":4},"end":{"line":118,"column":null}},"25":{"start":{"line":126,"column":15},"end":{"line":126,"column":null}},"26":{"start":{"line":129,"column":4},"end":{"line":131,"column":null}},"27":{"start":{"line":130,"column":6},"end":{"line":130,"column":null}},"28":{"start":{"line":133,"column":4},"end":{"line":133,"column":null}},"29":{"start":{"line":142,"column":26},"end":{"line":142,"column":null}},"30":{"start":{"line":144,"column":4},"end":{"line":151,"column":null}},"31":{"start":{"line":145,"column":6},"end":{"line":150,"column":null}},"32":{"start":{"line":149,"column":53},"end":{"line":149,"column":59}},"33":{"start":{"line":154,"column":26},"end":{"line":154,"column":null}},"34":{"start":{"line":156,"column":4},"end":{"line":164,"column":null}},"35":{"start":{"line":158,"column":6},"end":{"line":163,"column":null}},"36":{"start":{"line":162,"column":53},"end":{"line":162,"column":59}},"37":{"start":{"line":167,"column":26},"end":{"line":167,"column":null}},"38":{"start":{"line":169,"column":4},"end":{"line":174,"column":null}},"39":{"start":{"line":173,"column":51},"end":{"line":173,"column":57}},"40":{"start":{"line":185,"column":18},"end":{"line":185,"column":null}},"41":{"start":{"line":187,"column":4},"end":{"line":200,"column":null}},"42":{"start":{"line":188,"column":20},"end":{"line":188,"column":null}},"43":{"start":{"line":189,"column":6},"end":{"line":199,"column":null}},"44":{"start":{"line":198,"column":8},"end":{"line":198,"column":null}},"45":{"start":{"line":202,"column":4},"end":{"line":202,"column":null}},"46":{"start":{"line":212,"column":15},"end":{"line":212,"column":null}},"47":{"start":{"line":213,"column":4},"end":{"line":216,"column":null}},"48":{"start":{"line":214,"column":6},"end":{"line":214,"column":null}},"49":{"start":{"line":215,"column":6},"end":{"line":215,"column":null}},"50":{"start":{"line":219,"column":4},"end":{"line":224,"column":null}},"51":{"start":{"line":220,"column":22},"end":{"line":220,"column":null}},"52":{"start":{"line":221,"column":6},"end":{"line":223,"column":null}},"53":{"start":{"line":222,"column":8},"end":{"line":222,"column":null}},"54":{"start":{"line":225,"column":4},"end":{"line":225,"column":null}},"55":{"start":{"line":228,"column":4},"end":{"line":238,"column":null}},"56":{"start":{"line":229,"column":6},"end":{"line":229,"column":null}},"57":{"start":{"line":232,"column"
[...]
4,"column":null}},"50":{"start":{"line":205,"column":6},"end":{"line":205,"column":null}},"51":{"start":{"line":207,"column":6},"end":{"line":207,"column":null}}},"fnMap":{"0":{"name":"(anonymous_0)","decl":{"start":{"line":37,"column":2},"end":{"line":37,"column":14}},"loc":{"start":{"line":37,"column":80},"end":{"line":45,"column":null}},"line":37},"1":{"name":"(anonymous_1)","decl":{"start":{"line":50,"column":10},"end":{"line":50,"column":37}},"loc":{"start":{"line":50,"column":37},"end":{"line":73,"column":null}},"line":50},"2":{"name":"(anonymous_2)","decl":{"start":{"line":51,"column":27},"end":{"line":51,"column":33}},"loc":{"start":{"line":51,"column":33},"end":{"line":53,"column":5}},"line":51},"3":{"name":"(anonymous_3)","decl":{"start":{"line":55,"column":30},"end":{"line":55,"column":31}},"loc":{"start":{"line":55,"column":57},"end":{"line":58,"column":5}},"line":55},"4":{"name":"(anonymous_4)","decl":{"start":{"line":60,"column":28},"end":{"line":60,"column":29}},"loc":{"start":{"line":60,"column":62},"end":{"line":63,"column":5}},"line":60},"5":{"name":"(anonymous_5)","decl":{"start":{"line":65,"column":28},"end":{"line":65,"column":29}},"loc":{"start":{"line":65,"column":46},"end":{"line":67,"column":5}},"line":65},"6":{"name":"(anonymous_6)","decl":{"start":{"line":78,"column":10},"end":{"line":78,"column":24}},"loc":{"start":{"line":78,"column":44},"end":{"line":91,"column":null}},"line":78},"7":{"name":"(anonymous_7)","decl":{"start":{"line":96,"column":6},"end":{"line":96,"column":19}},"loc":{"start":{"line":96,"column":19},"end":{"line":98,"column":null}},"line":96},"8":{"name":"(anonymous_8)","decl":{"start":{"line":103,"column":6},"end":{"line":103,"column":31}},"loc":{"start":{"line":103,"column":31},"end":{"line":105,"column":null}},"line":103},"9":{"name":"(anonymous_9)","decl":{"start":{"line":110,"column":2},"end":{"line":110,"column":29}},"loc":{"start":{"line":110,"column":29},"end":{"line":112,"column":null}},"line":110},"10":{"name":"(anonymous_10)","decl":{"start":{"line":117,"column":6},"end":{"line":117,"column":26}},"loc":{"start":{"line":117,"column":26},"end":{"line":119,"column":null}},"line":117},"11":{"name":"(anonymous_11)","decl":{"start":{"line":124,"column":2},"end":{"line":124,"column":22}},"loc":{"start":{"line":124,"column":22},"end":{"line":126,"column":null}},"line":124},"12":{"name":"(anonymous_12)","decl":{"start":{"line":131,"column":6},"end":{"line":131,"column":24}},"loc":{"start":{"line":131,"column":24},"end":{"line":133,"column":null}},"line":131},"13":{"name":"(anonymous_13)","decl":{"start":{"line":138,"column":2},"end":{"line":138,"column":13}},"loc":{"start":{"line":138,"column":36},"end":{"line":140,"column":null}},"line":138},"14":{"name":"(anonymous_14)","decl":{"start":{"line":145,"column":2},"end":{"line":145,"column":23}},"loc":{"start":{"line":145,"column":23},"end":{"line":147,"column":null}},"line":145},"15":{"name":"(anonymous_15)","decl":{"start":{"line":152,"column":2},"end":{"line":152,"column":25}},"loc":{"start":{"line":152,"column":25},"end":{"line":154,"column":null}},"line":152},"16":{"name":"(anonymous_16)","decl":{"start":{"line":160,"column":2},"end":{"line":160,"column":7}},"loc":{"start":{"line":160,"column":30},"end":{"line":170,"column":null}},"line":160},"17":{"name":"(anonymous_17)","decl":{"start":{"line":176,"column":2},"end":{"line":176,"column":11}},"loc":{"start":{"line":176,"column":31},"end":{"line":178,"column":null}},"line":176},"18":{"name":"(anonymous_18)","decl":{"start":{"line":185,"column":2},"end":{"line":185,"column":8}},"loc":{"start":{"line":185,"column":46},"end":{"line":197,"column":null}},"line":185},"19":{"name":"(anonymous_19)","decl":{"start":{"line":202,"column":2},"end":{"line":202,"column":20}},"loc":{"start":{"line":202,"column":20},"end":{"line":209,"column":null}},"line":202}},"branchMap":{"0":{"loc":{"start":{"line":37,"column":45},"end":{"line":37,"column":80}},"type":"default-arg","locations":[{"start":{"line":37,"column":69},"end":{"line":37,"column":80}}],"line":37},"1":{"loc":{"start":{"line":70,"column":4},"end":{"line":72,"column":null}},"type":"if","locations":[{"start":{"line":70,"column":4},"end":{"line":72,"column":null}},{"start":{},"end":{}}],"line":70},"2":{"loc":{"start":{"line":84,"column":24},"end":{"line":84,"column":null}},"type":"binary-expr","locations":[{"start":{"line":84,"column":24},"end":{"line":84,"column":39}},{"start":{"line":84,"column":39},"end":{"line":84,"column":null}}],"line":84},"3":{"loc":{"start":{"line":87,"column":6},"end":{"line":89,"column":null}},"type":"if","locations":[{"start":{"line":87,"column":6},"end":{"line":89,"column":null}},{"start":{},"end":{}}],"line":87},"4":{"loc":{"start":{"line":161,"column":4},"end":{"line":163,"column":null}},"type":"if","locations":[{"start":{"line":161,"column":4},"end":{"line":163,"column":null}},{"start":{},"end":{}}],"line":161},"5":{"loc":{"start":{"line":186,"column":4},"end":{"line":188,"column":null}},"type":"if","locations":[{"start":{"line":186,"column":4},"end":{"line":188,"column":null}},{"start":{},"end":{}}],"line":186},"6":{"loc":{"start":{"line":186,"column":8},"end":{"line":186,"column":63}},"type":"binary-expr","locations":[{"start":{"line":186,"column":8},"end":{"line":186,"column":36}},{"start":{"line":186,"column":36},"end":{"line":186,"column":63}}],"line":186},"7":{"loc":{"start":{"line":193,"column":24},"end":{"line":193,"column":38}},"type":"binary-expr","locations":[{"start":{"line":193,"column":24},"end":{"line":193,"column":32}},{"start":{"line":193,"column":32},"end":{"line":193,"column":38}}],"line":193},"8":{"loc":{"start":{"line":193,"column":38},"end":{"line":193,"column":67}},"type":"binary-expr","locations":[{"start":{"line":193,"column":38},"end":{"line":193,"column":48}},{"start":{"line":193,"column":48},"end":{"line":193,"column":67}}],"line":193}},"s":{"0":28,"1":28,"2":28,"3":28,"4":28,"5":28,"6":28,"7":28,"8":28,"9":28,"10":0,"11":28,"12":0,"13":0,"14":28,"15":0,"16":0,"17":28,"18":0,"19":28,"20":28,"21":0,"22":0,"23":0,"24":0,"25":0,"26":0,"27":39,"28":2,"29":0,"30":0,"31":0,"32":8,"33":3,"34":0,"35":5,"36":4,"37":0,"38":4,"39":4,"40":0,"41":0,"42":1,"43":0,"44":1,"45":1,"46":1,"47":0,"48":0,"49":0,"50":0,"51":0},"f":{"0":28,"1":28,"2":0,"3":0,"4":0,"5":0,"6":0,"7":39,"8":2,"9":0,"10":0,"11":0,"12":8,"13":3,"14":0,"15":5,"16":4,"17":0,"18":1,"19":0},"b":{"0":[28],"1":[28,0],"2":[0,0],"3":[0,0],"4":[0,4],"5":[0,1],"6":[1,1],"7":[1,1],"8":[1,1]},"meta":{"lastBranch":9,"lastFunction":20,"lastStatement":52,"seen":{"s:31:36:31:Infinity":0,"s:34:29:34:Infinity":1,"s:35:33:35:Infinity":2,"f:37:2:37:14":0,"b:37:69:37:80":0,"s:38:4:38:Infinity":3,"s:39:4:39:Infinity":4,"s:40:4:40:Infinity":5,"s:41:4:41:Infinity":6,"s:42:4:42:Infinity":7,"s:44:4:44:Infinity":8,"f:50:10:50:37":1,"s:51:4:53:Infinity":9,"f:51:27:51:33":2,"s:52:6:52:Infinity":10,"s:55:4:58:Infinity":11,"f:55:30:55:31":3,"s:56:22:56:Infinity":12,"s:57:6:57:Infinity":13,"s:60:4:63:Infinity":14,"f:60:28:60:29":4,"s:61:6:61:Infinity":15,"s:62:6:62:Infinity":16,"s:65:4:67:Infinity":17,"f:65:28:65:29":5,"s:66:6:66:Infinity":18,"b:70:4:72:Infinity:undefined:undefined:undefined:undefined":1,"s:70:4:72:Infinity":19,"s:71:6:71:Infinity":20,"f:78:10:78:24":6,"s:80:4:80:Infinity":21,"s:83:18:83:Infinity":22,"s:84:4:84:Infinity":23,"b:84:24:84:39:84:39:84:Infinity":2,"s:86:4:90:Infinity":24,"b:87:6:89:Infinity:undefined:undefined:undefined:undefined":3,"s:87:6:89:Infinity":25,"s:88:8:88:Infinity":26,"f:96:6:96:19":7,"s:97:4:97:Infinity":27,"f:103:6:103:31":8,"s:104:4:104:Infinity":28,"f:110:2:110:29":9,"s:111:4:111:Infinity":29,"f:117:6:117:26":10,"s:118:4:118:Infinity":30,"f:124:2:124:22":11,"s:125:4:125:Infinity":31,"f:131:6:131:24":12,"s:132:4:132:Infinity":32,"f:138:2:138:13":13,"s:139:4:139:Infinity":33,"f:145:2:145:23":14,"s:146:4:146:Infinity":34,"f:152:2:152:25":15,"s:153:4:153:Infinity":35,"f:160:2:160:7":16,"b:161:4:163:Infinity:undefined:undefined:undefined:undefined":4,"s:161:4:163:Infinity":36,"s:162:6:162:Infinity":37,"s:165:4:169:Infinity":38,"s:166:6:166:Infinity":39,"s:168:6:168:Infinity":40,"f:176:2:176:11":17,"s:177:4:177:Infinity":41,"f:185:2:185:8":18,"b:186:4:188:Infinity:undefined:undefined:undefined:undefined":5,"s:186:4:188:Infinity":42,"b:186:8:186:36:186:36:186:63":6,"s:187:6:187:Infinity":43,"s:190:4:190:Infinity":44,"s:192:4:196:Infinity":45,"s:193:6:193:Infinity":46,"b:193:24:193:32:193:32:193:38":7,"b:193:38:193:48:193:48:193:67":8,"s:195:6:195:Infinity":47,"f:202:2:202:20":19,"s:203:4:208:Infinity":48,"s:204:6:204:Infinity":49,"s:205:6:205:Infinity":50,"s:207:6:207:Infinity":51}}}
,"C:\\Users\\jason\\Greatspark Dropbox\\Jason Alexander\\Coding\\projects\\dankwind\\src\\network\\server.ts": {"path":"C:\\Users\\jason\\Greatspark Dropbox\\Jason Alexander\\Coding\\projects\\dankwind\\src\\network\\server.ts","statementMap":{"0":{"start":{"line":48,"column":29},"end":{"line":48,"column":null}},"1":{"start":{"line":51,"column":4},"end":{"line":51,"column":null}},"2":{"start":{"line":53,"column":4},"end":{"line":58,"column":null}},"3":{"start":{"line":60,"column":4},"end":{"line":60,"column":null}},"4":{"start":{"line":63,"column":4},"end":{"line":65,"column":null}},"5":{"start":{"line":67,"column":4},"end":{"line":67,"column":null}},"6":{"start":{"line":75,"column":4},"end":{"line":78,"column":null}},"7":{"start":{"line":81,"column":4},"end":{"line":85,"column":null}},"8":{"start":{"line":88,"column":4},"end":{"line":95,"column":null}},"9":{"start":{"line":89,"column":6},"end":{"line":94,"column":null}},"10":{"start":{"line":98,"column":4},"end":{"line":103,"column":null}},"11":{"start":{"line":99,"column":6},"end":{"line":101,"column":null}},"12":{"start":{"line":100,"column":8},"end":{"line":100,"column":null}},"13":{"start":{"line":102,"column":6},"end":{"line":102,"column":null}},"14":{"start":{"line":106,"column":4},"end":{"line":108,"column":null}},"15":{"start":{"line":107,"column":6},"end":{"line":107,"column":null}},"16":{"start":{"line":115,"column":15},"end":{"line":115,"column":null}},"17":{"start":{"line":116,"column":26},"end":{"line":116,"column":null}},"18":{"start":{"line":118,"column":23},"end":{"line":118,"column":null}},"19":{"start":{"line":119,"column":4},"end":{"line":119,"column":null}},"20":{"start":{"line":122,"column":4},"end":{"line":124,"column":null}},"21":{"start":{"line":123,"column":6},"end":{"line":123,"column":null}},"22":{"start":{"line":126,"column":4},"end":{"line":128,"column":null}},"23":{"start":{"line":127,"column":6},"end":{"line":127,"column":null}},"24":{"start":{"line":130,"column":4},"end":{"line":132,"column":null}},"25":{"start":{"line":131,"column":6},"end":{"line":131,"column":null}},"26":{"start":{"line":135,"column":4},"end":{"line":135,"column":null}},"27":{"start":{"line":142,"column":4},"end":{"line":144,"column":null}},"28":{"start":{"line":143,"column":6},"end":{"line":143,"column":null}},"29":{"start":{"line":146,"column":4},"end":{"line":157,"column":null}},"30":{"start":{"line":147,"column":6},"end":{"line":150,"column":null}},"31":{"start":{"line":152,"column":6},"end":{"line":152,"column":null}},"32":{"start":{"line":153,"column":6},"end":{"line":153,"column":null}},"33":{"start":{"line":155,"column":6},"end":{"line":155,"column":null}},"34":{"start":{"line":156,"column":6},"end":{"line":156,"column":null}},"35":{"start":{"line":164,"column":4},"end":{"line":166,"column":null}},"36":{"start":{"line":165,"column":6},"end":{"line":165,"column":null}},"37":{"start":{"line":169,"column":4},"end":{"line":169,"column":null}},"38":{"start":{"line":172,"column":4},"end":{"line":172,"column":null}},"39":{"start":{"line":174,"column":4},"end":{"line":174,"column":null}},"40":{"start":{"line":175,"column":4},"end":{"line":175,"column":null}},"41":{"start":{"line":182,"column":4},"end":{"line":182,"column":null}},"42":{"start":{"line":189,"column":4},"end":{"line":189,"column":null}},"43":{"start":{"line":196,"column":4},"end":{"line":196,"column":null}},"44":{"start":{"line":203,"column":4},"end":{"line":203,"column":null}},"45":{"start":{"line":210,"column":4},"end":{"line":210,"column":null}}},"fnMap":{"0":{"name":"(anonymous_0)","decl":{"start":{"line":50,"column":2},"end":{"line":50,"column":14}},"loc":{"start":{"line":50,"column":50},"end":{"line":68,"column":null}},"line":50},"1":{"name":"(anonymous_1)","decl":{"start":{"line":73,"column":16},"end":{"line":73,"column":45}},"loc":{"start":{"line":73,"column":45},"end":{"line":109,"column":null}},"line":73},"2":{"name":"(anonymous_2)","decl":{"start":{"line":88,"column":32},"end":{"line":88,"column":44}},"loc":{"start":{"line":88,"column":44},"end":{"line":95,"column":5}},"line":88},"3":{"name":"(anonymous_3)","decl":{"start":{"line":98,"column":31},"end":{"line":98,"column":43}},"loc":{"start":{"line":98,"column":43},"end":{"line":103,"column":5}},"line":98},"4":{"name":"(anonymous_4)","decl":{"start":{"line":106,"column":49},"end":{"line":106,"column":50}},"loc":{"start":{"line":106,"column":81},"end":{"line":108,"column":5}},"line":106},"5":{"name":"(anonymous_5)","decl":{"start":{"line":114,"column":10},"end":{"line":114,"column":36}},"loc":{"start":{"line":114,"column":87},"end":{"line":136,"column":null}},"line":114},"6":{"name":"(anonymous_6)","decl":{"start":{"line":122,"column":29},"end":{"line":122,"column":30}},"loc":{"start":{"line":122,"column":50},"end":{"line":124,"column":5}},"line":122},"7":{"name":"(anonymous_7)","decl":{"start":{"line":126,"column":27},"end":{"line":126,"column":28}},"loc":{"start":{"line":126,"column":61},"end":{"line":128,"column":5}},"line":126},"8":{"name":"(anonymous_8)","decl":{"start":{"line":130,"column":27},"end":{"line":130,"column":28}},"loc":{"start":{"line":130,"column":45},"end":{"line":132,"column":5}},"line":130},"9":{"name":"(anonymous_9)","decl":{"start":{"line":141,"column":8},"end":{"line":141,"column":31}},"loc":{"start":{"line":141,"column":31},"end":{"line":158,"column":null}},"line":141},"10":{"name":"(anonymous_10)","decl":{"start":{"line":163,"column":8},"end":{"line":163,"column":30}},"loc":{"start":{"line":163,"column":30},"end":{"line":176,"column":null}},"line":163},"11":{"name":"(anonymous_11)","decl":{"start":{"line":181,"column":6},"end":{"line":181,"column":27}},"loc":{"start":{"line":181,"column":27},"end":{"line":183,"column":null}},"line":181},"12":{"name":"(anonymous_12)","decl":{"start":{"line":188,"column":2},"end":{"line":188,"column":44}},"loc":{"start":{"line":188,"column":44},"end":{"line":190,"column":null}},"line":188},"13":{"name":"(anonymous_13)","decl":{"start":{"line":195,"column":2},"end":{"line":195,"column":32}},"loc":{"start":{"line":195,"column":32},"end":{"line":197,"column":null}},"line":195},"14":{"name":"(anonymous_14)","decl":{"start":{"line":202,"column":6},"end":{"line":202,"column":21}},"loc":{"start":{"line":202,"column":21},"end":{"line":204,"column":null}},"line":202},"15":{"name":"(anonymous_15)","decl":{"start":{"line":209,"column":6},"end":{"line":209,"column":21}},"loc":{"start":{"line":209,"column":21},"end":{"line":211,"column":null}},"line":209}},"branchMap":{"0":{"loc":{"start":{"line":50,"column":14},"end":{"line":50,"column":50}},"type":"default-arg","locations":[{"start":{"line":50,"column":46},"end":{"line":50,"column":50}}],"line":50},"1":{"loc":{"start":{"line":54,"column":12},"end":{"line":54,"column":null}},"type":"binary-expr","locations":[{"start":{"line":54,"column":12},"end":{"line":54,"column":27}},{"start":{"line":54,"column":27},"end":{"line":54,"column":null}}],"line":54},"2":{"loc":{"start":{"line":55,"column":12},"end":{"line":55,"column":null}},"type":"binary-expr","locations":[{"start":{"line":55,"column":12},"end":{"line":55,"column":27}},{"start":{"line":55,"column":27},"end":{"line":55,"column":null}}],"line":55},"3":{"loc":{"start":{"line":56,"column":18},"end":{"line":56,"column":null}},"type":"binary-expr","locations":[{"start":{"line":56,"column":18},"end":{"line":56,"column":39}},{"start":{"line":56,"column":25},"end":{"line":56,"column":null}}],"line":56},"4":{"loc":{"start":{"line":57,"column":10},"end":{"line":57,"column":null}},"type":"cond-expr","locations":[{"start":{"line":57,"column":26},"end":{"line":57,"column":54}},{"start":{"line":57,"column":54},"end":{"line":57,"column":null}}],"line":57},"5":{"loc":{"start":{"line":64,"column":14},"end":{"line":64,"column":null}},"type":"cond-expr","locations":[{"start":{"line":64,"column":35},"end":{"line":64,"column":42}},{"start":{"line":64,"column":42},"end":{"line":64,"column":null}}],"line":64},"6":{"loc":{"start":{"line":99,"column":6},"end":{"line":101,"column":null}},"type":"if","locations":[{"start":{"line":99,"column":6},"end":{"line":101,"column":null}},{"start":{},"end":{}}],"line":99},"7":{"loc":{"start":{"line":116,"column":26},"end":{"line":116,"column":null}},"type":"binary-expr","locations":[{"start":{"line":116,"column":26},"end":{"line":116,"column":40}},{"start":{"line":116,"column":40},"end":{"line":116,"column":null}}],"line":116},"8":{"loc":{"start":{"line":142,"column":4},"end":{"line":144,"column":null}},"type":"if","locations":[{"start":{"line":142,"column":4},"end":{"line":144,"column":null}},{"start":{},"end":{}}],"line":142},"9":{"loc":{"start":{"line":164,"column":4},"end":{"line":166,"column":null}},"type":"if","locations":[{"start":{"line":164,"column":4},"end":{"line":166,"column":null}},{"start":{},"end":{}}],"line":164}},"s":{"0":0,"1":0,"2":0,"3":0,"4":0,"5":0,"6":0,"7":0,"8":0,"9":0,"10":0,"11":0,"12":0,"13":0,"14":0,"15":0,"16":0,"17":0,"18":0,"19":0,"20":0,"21":0,"22":0,"23":0,"24":0,"25":0,"26":0,"27":0,"28":0,"29":0,"30":0,"31":0,"32":0,"33":0,"34":0,"35":0,"36":0,"37":0,"38":0,"39":0,"40":0,"41":0,"42":0,"43":0,"44":0,"45":0},"f":{"0":0,"1":0,"2":0,"3":0,"4":0,"5":0,"6":0,"7":0,"8":0,"9":0,"10":0,"11":0,"12":0,"13":0,"14":0,"15":0},"b":{"0":[0],"1":[0,0],"2":[0,0],"3":[0,0],"4":[0,0],"5":[0,0],"6":[0,0],"7":[0,0],"8":[0,0],"9":[0,0]},"meta":{"lastBranch":10,"lastFunction":16,"lastStatement":46,"seen":{"s:48:29:48:Infinity":0,"f:50:2:50:14":0,"b:50:46:50:50":0,"s:51:4:51:Infinity":1,"s:53:4:58:Infinity":2,"b:54:12:54:27:54:27:54:Infinity":1,"b:55:12:55:27:55:27:55:Infinity":2,"b:56:18:56:39:56:25:56:Infinity":3,"b:57:26:57:54:57:54:57:Infinity":4,"s:60:4:60:Infinity":3,"s:63:4:65:Infinity":4,"b:64:35:64:42:64:42:64:Infinity":5,"s:67:4:67:Infinity":5,"f:73:16:73:45":1,"s:75:4:78:Infinity":6,"s:81:4:85:Infinity":7,"s:88:4:95:Infinity":8,"f:88:32:88:44":2,"s:89:6:94:Infinity":9,"s:98:4:103:Infinity":10,"f:98:31:98:43":3,"b:99:6:101:Infinity:undefined:undefined:undefined:undefined":6,"s:99:6:101:Infinity":11,"s:100:8:100:Infinity":12,"s:102:6:102:Infinity":13,"s:106:4:108:Infinity":14,"f:106:49:106:50":4,"s:107:6:107:Infinity":15,"f:114:10:114:36":5,"s:115:15:115:Infinity":16,"s:116:26:116:Infinity":17,"b:116:26:116:40:116:40:116:Infinity":7,"s:118:23:118:Infinity":18,"s:119:4:119:Infinity":19,"s:122:4:124:Infinity":20,"f:122:29:122:30":6,"s:123:6:123:Infinity":21,"s:126:4:128:Infinity":22,"f:126:27:126:28":7,"s:127:6:127:Infinity":23,"s:130:4:132:Infinity":24,"f:130:27:130:28":8,"s:131:6:131:Infinity":25,"s:135:4:135:Infinity":26,"f:141:8:141:31":9,"b:142:4:144:Infinity:undefined:undefined:undefined:undefined":8,"s:142:4:144:Infinity":27,"s:143:6:143:Infinity":28,"s:146:4:157:Infinity":29,"s:147:6:150:Infinity":30,"s:152:6:152:Infinity":31,"s:153:6:153:Infinity":32,"s:155:6:155:Infinity":33,"s:156:6:156:Infinity":34,"f:163:8:163:30":10,"b:164:4:166:Infinity:undefined:undefined:undefined:undefined":9,"s:164:4:166:Infinity":35,"s:165:6:165:Infinity":36,"s:169:4:169:Infinity":37,"s:172:4:172:Infinity":38,"s:174:4:174:Infinity":39,"s:175:4:175:Infinity":40,"f:181:6:181:27":11,"s:182:4:182:Infinity":41,"f:188:2:188:44":12,"s:189:4:189:Infinity":42,"f:195:2:195:32":13,"s:196:4:196:Infinity":43,"f:202:6:202:21":14,"s:203:4:203:Infinity":44,"f:209:6:209:21":15,"s:210:4:210:Infinity":45}}}
}
